

================================================================
== Vitis HLS Report for 'MVAU_hls_1'
================================================================
* Date:           Fri Feb 20 14:42:23 2026

* Version:        2022.2 (Build 3670227 on Oct 13 2022)
* Project:        project_MVAU_hls_1
* Solution:       sol1 (Vivado IP Flow Target)
* Product family: zynq
* Target device:  xc7z010-clg400-1


================================================================
== Performance Estimates
================================================================
+ Timing: 
    * Summary: 
    +--------+----------+----------+------------+
    |  Clock |  Target  | Estimated| Uncertainty|
    +--------+----------+----------+------------+
    |ap_clk  |  10.00 ns|  7.591 ns|     2.70 ns|
    +--------+----------+----------+------------+

+ Latency: 
    * Summary: 
    +---------+---------+----------+----------+--------+--------+---------+
    |  Latency (cycles) |  Latency (absolute) |     Interval    | Pipeline|
    |   min   |   max   |    min   |    max   |   min  |   max  |   Type  |
    +---------+---------+----------+----------+--------+--------+---------+
    |   903178|   903178|  9.032 ms|  9.032 ms|  903179|  903179|       no|
    +---------+---------+----------+----------+--------+--------+---------+

    + Detail: 
        * Instance: 
        +-----------------------------------------------+-------------------------------------+---------+---------+----------+----------+--------+--------+---------+
        |                                               |                                     |  Latency (cycles) |  Latency (absolute) |     Interval    | Pipeline|
        |                    Instance                   |                Module               |   min   |   max   |    min   |    max   |   min  |   max  |   Type  |
        +-----------------------------------------------+-------------------------------------+---------+---------+----------+----------+--------+--------+---------+
        |grp_Matrix_Vector_Activate_Stream_Batch_fu_60  |Matrix_Vector_Activate_Stream_Batch  |   903175|   903175|  9.032 ms|  9.032 ms|  903175|  903175|       no|
        +-----------------------------------------------+-------------------------------------+---------+---------+----------+----------+--------+--------+---------+

        * Loop: 
        N/A



================================================================
== Utilization Estimates
================================================================
* Summary: 
+-----------------+---------+----+-------+-------+-----+
|       Name      | BRAM_18K| DSP|   FF  |  LUT  | URAM|
+-----------------+---------+----+-------+-------+-----+
|DSP              |        -|   -|      -|      -|    -|
|Expression       |        -|   -|      0|      2|    -|
|FIFO             |        -|   -|      -|      -|    -|
|Instance         |        0|   1|    994|   1626|    -|
|Memory           |        -|   -|      -|      -|    -|
|Multiplexer      |        -|   -|      -|     43|    -|
|Register         |        -|   -|      5|      -|    -|
+-----------------+---------+----+-------+-------+-----+
|Total            |        0|   1|    999|   1671|    0|
+-----------------+---------+----+-------+-------+-----+
|Available        |      120|  80|  35200|  17600|    0|
+-----------------+---------+----+-------+-------+-----+
|Utilization (%)  |        0|   1|      2|      9|    0|
+-----------------+---------+----+-------+-------+-----+

+ Detail: 
    * Instance: 
    +-----------------------------------------------+-------------------------------------+---------+----+-----+------+-----+
    |                    Instance                   |                Module               | BRAM_18K| DSP|  FF |  LUT | URAM|
    +-----------------------------------------------+-------------------------------------+---------+----+-----+------+-----+
    |grp_Matrix_Vector_Activate_Stream_Batch_fu_60  |Matrix_Vector_Activate_Stream_Batch  |        0|   1|  994|  1626|    0|
    +-----------------------------------------------+-------------------------------------+---------+----+-----+------+-----+
    |Total                                          |                                     |        0|   1|  994|  1626|    0|
    +-----------------------------------------------+-------------------------------------+---------+----+-----+------+-----+

    * DSP: 
    N/A

    * Memory: 
    N/A

    * FIFO: 
    N/A

    * Expression: 
    +------------------------------------------------------------+----------+----+---+----+------------+------------+
    |                        Variable Name                       | Operation| DSP| FF| LUT| Bitwidth P0| Bitwidth P1|
    +------------------------------------------------------------+----------+----+---+----+------------+------------+
    |grp_Matrix_Vector_Activate_Stream_Batch_fu_60_out_V_TREADY  |       and|   0|  0|   2|           1|           1|
    +------------------------------------------------------------+----------+----+---+----+------------+------------+
    |Total                                                       |          |   0|  0|   2|           1|           1|
    +------------------------------------------------------------+----------+----+---+----+------------+------------+

    * Multiplexer: 
    +-------------------------------+----+-----------+-----+-----------+
    |              Name             | LUT| Input Size| Bits| Total Bits|
    +-------------------------------+----+-----------+-----+-----------+
    |ap_NS_fsm                      |  25|          5|    1|          5|
    |in0_V_TREADY_int_regslice      |   9|          2|    1|          2|
    |weights_V_TREADY_int_regslice  |   9|          2|    1|          2|
    +-------------------------------+----+-----------+-----+-----------+
    |Total                          |  43|          9|    3|          9|
    +-------------------------------+----+-----------+-----+-----------+

    * Register: 
    +------------------------------------------------------------+---+----+-----+-----------+
    |                            Name                            | FF| LUT| Bits| Const Bits|
    +------------------------------------------------------------+---+----+-----+-----------+
    |ap_CS_fsm                                                   |  4|   0|    4|          0|
    |grp_Matrix_Vector_Activate_Stream_Batch_fu_60_ap_start_reg  |  1|   0|    1|          0|
    +------------------------------------------------------------+---+----+-----+-----------+
    |Total                                                       |  5|   0|    5|          0|
    +------------------------------------------------------------+---+----+-----+-----------+



================================================================
== Interface
================================================================
* Summary: 
+------------------+-----+-----+--------------+--------------+--------------+
|     RTL Ports    | Dir | Bits|   Protocol   | Source Object|    C Type    |
+------------------+-----+-----+--------------+--------------+--------------+
|ap_clk            |   in|    1|  ap_ctrl_none|    MVAU_hls_1|  return value|
|ap_rst_n          |   in|    1|  ap_ctrl_none|    MVAU_hls_1|  return value|
|in0_V_TDATA       |   in|    8|          axis|         in0_V|       pointer|
|in0_V_TVALID      |   in|    1|          axis|         in0_V|       pointer|
|in0_V_TREADY      |  out|    1|          axis|         in0_V|       pointer|
|weights_V_TDATA   |   in|    8|          axis|     weights_V|       pointer|
|weights_V_TVALID  |   in|    1|          axis|     weights_V|       pointer|
|weights_V_TREADY  |  out|    1|          axis|     weights_V|       pointer|
|out_V_TDATA       |  out|    8|          axis|         out_V|       pointer|
|out_V_TVALID      |  out|    1|          axis|         out_V|       pointer|
|out_V_TREADY      |   in|    1|          axis|         out_V|       pointer|
+------------------+-----+-----+--------------+--------------+--------------+

