#-----------------------------------------------------------
# Vivado v2022.2 (64-bit)
# SW Build 3671981 on Fri Oct 14 04:59:54 MDT 2022
# IP Build 3669848 on Fri Oct 14 08:30:02 MDT 2022
# Start of session at: Fri Feb 20 21:27:30 2026
# Process ID: 67433
# Current directory: /home/robotics/Documents/bharat-ai-soc-student-challenge/New_Train/new_res_brevitas
# Command line: vivado
# Log file: /home/robotics/Documents/bharat-ai-soc-student-challenge/New_Train/new_res_brevitas/vivado.log
# Journal file: /home/robotics/Documents/bharat-ai-soc-student-challenge/New_Train/new_res_brevitas/vivado.jou
# Running On: robotics, OS: Linux, CPU Frequency: 3962.295 MHz, CPU Physical cores: 24, Host memory: 67110 MB
#-----------------------------------------------------------
start_gui
WARNING: [Board 49-26] cannot add Board Part digilentinc.com:arty-a7-100:part0:1.0 available at /tools/Xilinx/Vivado/2022.2/data/boards/board_files/arty-a7-100/E.0/1.0/board.xml as part xc7a100tcsg324-1 specified in board_part file is either invalid or not available
WARNING: [Board 49-26] cannot add Board Part digilentinc.com:arty-a7-100:part0:1.1 available at /tools/Xilinx/Vivado/2022.2/data/boards/board_files/arty-a7-100/E.0/1.1/board.xml as part xc7a100tcsg324-1 specified in board_part file is either invalid or not available
WARNING: [Board 49-26] cannot add Board Part digilentinc.com:arty-a7-35:part0:1.0 available at /tools/Xilinx/Vivado/2022.2/data/boards/board_files/arty-a7-35/E.0/1.0/board.xml as part xc7a35ticsg324-1l specified in board_part file is either invalid or not available
WARNING: [Board 49-26] cannot add Board Part digilentinc.com:arty-a7-35:part0:1.1 available at /tools/Xilinx/Vivado/2022.2/data/boards/board_files/arty-a7-35/E.0/1.1/board.xml as part xc7a35ticsg324-1l specified in board_part file is either invalid or not available
WARNING: [Board 49-26] cannot add Board Part digilentinc.com:arty-s7-25:part0:1.1 available at /tools/Xilinx/Vivado/2022.2/data/boards/board_files/arty-s7-25/E.0/board.xml as part xc7s25csga324-1 specified in board_part file is either invalid or not available
WARNING: [Board 49-26] cannot add Board Part digilentinc.com:arty-s7-50:part0:1.1 available at /tools/Xilinx/Vivado/2022.2/data/boards/board_files/arty-s7-50/B.0/board.xml as part xc7s50csga324-1 specified in board_part file is either invalid or not available
WARNING: [Board 49-26] cannot add Board Part digilentinc.com:arty:part0:1.1 available at /tools/Xilinx/Vivado/2022.2/data/boards/board_files/arty/C.0/board.xml as part xc7a35ticsg324-1l specified in board_part file is either invalid or not available
WARNING: [Board 49-26] cannot add Board Part digilentinc.com:basys3:part0:1.2 available at /tools/Xilinx/Vivado/2022.2/data/boards/board_files/basys3/C.0/board.xml as part xc7a35tcpg236-1 specified in board_part file is either invalid or not available
WARNING: [Board 49-26] cannot add Board Part digilentinc.com:cmod-s7-25:part0:1.0 available at /tools/Xilinx/Vivado/2022.2/data/boards/board_files/cmod-s7-25/B.0/board.xml as part xc7s25csga225-1 specified in board_part file is either invalid or not available
WARNING: [Board 49-26] cannot add Board Part digilentinc.com:cmod_a7-15t:part0:1.2 available at /tools/Xilinx/Vivado/2022.2/data/boards/board_files/cmod_a7-15t/B.0/board.xml as part xc7a15tcpg236-1 specified in board_part file is either invalid or not available
WARNING: [Board 49-26] cannot add Board Part digilentinc.com:cmod_a7-35t:part0:1.2 available at /tools/Xilinx/Vivado/2022.2/data/boards/board_files/cmod_a7-35t/B.0/board.xml as part xc7a35tcpg236-1 specified in board_part file is either invalid or not available
WARNING: [Board 49-26] cannot add Board Part digilentinc.com:genesys2:part0:1.1 available at /tools/Xilinx/Vivado/2022.2/data/boards/board_files/genesys2/H/board.xml as part xc7k325tffg900-2 specified in board_part file is either invalid or not available
WARNING: [Board 49-26] cannot add Board Part digilentinc.com:gzu_3eg:part0:1.0 available at /tools/Xilinx/Vivado/2022.2/data/boards/board_files/genesys-zu-3eg/B.0/board.xml as part xczu3eg-sfvc784-1-e specified in board_part file is either invalid or not available
WARNING: [Board 49-26] cannot add Board Part digilentinc.com:gzu_3eg:part0:1.1 available at /tools/Xilinx/Vivado/2022.2/data/boards/board_files/genesys-zu-3eg/D.0/board.xml as part xczu3eg-sfvc784-1-e specified in board_part file is either invalid or not available
WARNING: [Board 49-26] cannot add Board Part digilentinc.com:gzu_5ev:part0:1.1 available at /tools/Xilinx/Vivado/2022.2/data/boards/board_files/genesys-zu-5ev/C.0/board.xml as part xczu5ev-sfvc784-1-e specified in board_part file is either invalid or not available
WARNING: [Board 49-26] cannot add Board Part digilentinc.com:nexys-a7-100t:part0:1.0 available at /tools/Xilinx/Vivado/2022.2/data/boards/board_files/nexys-a7-100t/D.0/1.0/board.xml as part xc7a100tcsg324-1 specified in board_part file is either invalid or not available
WARNING: [Board 49-26] cannot add Board Part digilentinc.com:nexys-a7-100t:part0:1.3 available at /tools/Xilinx/Vivado/2022.2/data/boards/board_files/nexys-a7-100t/D.0/1.3/board.xml as part xc7a100tcsg324-1 specified in board_part file is either invalid or not available
WARNING: [Board 49-26] cannot add Board Part digilentinc.com:nexys-a7-50t:part0:1.0 available at /tools/Xilinx/Vivado/2022.2/data/boards/board_files/nexys-a7-50t/D.0/1.0/board.xml as part xc7a50ticsg324-1l specified in board_part file is either invalid or not available
WARNING: [Board 49-26] cannot add Board Part digilentinc.com:nexys-a7-50t:part0:1.3 available at /tools/Xilinx/Vivado/2022.2/data/boards/board_files/nexys-a7-50t/D.0/1.3/board.xml as part xc7a50ticsg324-1l specified in board_part file is either invalid or not available
WARNING: [Board 49-26] cannot add Board Part digilentinc.com:nexys4:part0:1.1 available at /tools/Xilinx/Vivado/2022.2/data/boards/board_files/nexys4/B.1/board.xml as part xc7a100tcsg324-1 specified in board_part file is either invalid or not available
WARNING: [Board 49-26] cannot add Board Part digilentinc.com:nexys4_ddr:part0:1.1 available at /tools/Xilinx/Vivado/2022.2/data/boards/board_files/nexys4_ddr/C.1/board.xml as part xc7a100tcsg324-1 specified in board_part file is either invalid or not available
WARNING: [Board 49-26] cannot add Board Part digilentinc.com:nexys_video:part0:1.1 available at /tools/Xilinx/Vivado/2022.2/data/boards/board_files/nexys_video/A.0/1.1/board.xml as part xc7a200tsbg484-1 specified in board_part file is either invalid or not available
WARNING: [Board 49-26] cannot add Board Part digilentinc.com:nexys_video:part0:1.2 available at /tools/Xilinx/Vivado/2022.2/data/boards/board_files/nexys_video/A.0/1.2/board.xml as part xc7a200tsbg484-1 specified in board_part file is either invalid or not available
WARNING: [Board 49-26] cannot add Board Part digilentinc.com:sword:part0:1.0 available at /tools/Xilinx/Vivado/2022.2/data/boards/board_files/sword/C.0/board.xml as part xc7k325tffg900-2 specified in board_part file is either invalid or not available
WARNING: [Board 49-26] cannot add Board Part digilentinc.com:usb104-a7:part0:1.0 available at /tools/Xilinx/Vivado/2022.2/data/boards/board_files/usb104-a7/B/1.0/board.xml as part xc7a100tcsg324-1 specified in board_part file is either invalid or not available
WARNING: [Board 49-26] cannot add Board Part digilentinc.com:usb104-a7:part0:1.1 available at /tools/Xilinx/Vivado/2022.2/data/boards/board_files/usb104-a7/B/1.1/board.xml as part xc7a100tcsg324-1 specified in board_part file is either invalid or not available
WARNING: [Board 49-26] cannot add Board Part digilentinc.com:usb104-a7:part0:1.2 available at /tools/Xilinx/Vivado/2022.2/data/boards/board_files/usb104-a7/B/1.2/board.xml as part xc7a100tcsg324-1 specified in board_part file is either invalid or not available
WARNING: [Board 49-26] cannot add Board Part digilentinc.com:usb104-a7:part0:1.3 available at /tools/Xilinx/Vivado/2022.2/data/boards/board_files/usb104-a7/B/1.3/board.xml as part xc7a100tcsg324-1 specified in board_part file is either invalid or not available
WARNING: [Board 49-26] cannot add Board Part xilinx.com:ac701:part0:1.4 available at /tools/Xilinx/Vivado/2022.2/data/xhub/boards/XilinxBoardStore/boards/Xilinx/ac701/1.4/board.xml as part xc7a200tfbg676-2 specified in board_part file is either invalid or not available
WARNING: [Board 49-26] cannot add Board Part xilinx.com:k26c:part0:1.2 available at /tools/Xilinx/Vivado/2022.2/data/xhub/boards/XilinxBoardStore/boards/Xilinx/k26c/1.2/board.xml as part xck26-sfvc784-2lv-c specified in board_part file is either invalid or not available
WARNING: [Board 49-26] cannot add Board Part xilinx.com:k26c:part0:1.3 available at /tools/Xilinx/Vivado/2022.2/data/xhub/boards/XilinxBoardStore/boards/Xilinx/k26c/1.3/board.xml as part xck26-sfvc784-2lv-c specified in board_part file is either invalid or not available
WARNING: [Board 49-26] cannot add Board Part xilinx.com:k26c:part0:1.4 available at /tools/Xilinx/Vivado/2022.2/data/xhub/boards/XilinxBoardStore/boards/Xilinx/k26c/1.4/board.xml as part xck26-sfvc784-2lv-c specified in board_part file is either invalid or not available
WARNING: [Board 49-26] cannot add Board Part xilinx.com:k26i:part0:1.2 available at /tools/Xilinx/Vivado/2022.2/data/xhub/boards/XilinxBoardStore/boards/Xilinx/k26i/1.2/board.xml as part xck26-sfvc784-2lvi-i specified in board_part file is either invalid or not available
WARNING: [Board 49-26] cannot add Board Part xilinx.com:k26i:part0:1.3 available at /tools/Xilinx/Vivado/2022.2/data/xhub/boards/XilinxBoardStore/boards/Xilinx/k26i/1.3/board.xml as part xck26-sfvc784-2lvi-i specified in board_part file is either invalid or not available
WARNING: [Board 49-26] cannot add Board Part xilinx.com:k26i:part0:1.4 available at /tools/Xilinx/Vivado/2022.2/data/xhub/boards/XilinxBoardStore/boards/Xilinx/k26i/1.4/board.xml as part xck26-sfvc784-2lvi-i specified in board_part file is either invalid or not available
WARNING: [Board 49-26] cannot add Board Part xilinx.com:kc705:part0:1.6 available at /tools/Xilinx/Vivado/2022.2/data/xhub/boards/XilinxBoardStore/boards/Xilinx/kc705/1.6/board.xml as part xc7k325tffg900-2 specified in board_part file is either invalid or not available
WARNING: [Board 49-26] cannot add Board Part xilinx.com:kcu105:part0:1.6 available at /tools/Xilinx/Vivado/2022.2/data/xhub/boards/XilinxBoardStore/boards/Xilinx/kcu105/1.6/board.xml as part xcku040-ffva1156-2-e specified in board_part file is either invalid or not available
WARNING: [Board 49-26] cannot add Board Part xilinx.com:kcu105:part0:1.7 available at /tools/Xilinx/Vivado/2022.2/data/xhub/boards/XilinxBoardStore/boards/Xilinx/kcu105/1.7/board.xml as part xcku040-ffva1156-2-e specified in board_part file is either invalid or not available
WARNING: [Board 49-26] cannot add Board Part xilinx.com:kcu116:part0:1.4 available at /tools/Xilinx/Vivado/2022.2/data/xhub/boards/XilinxBoardStore/boards/Xilinx/kcu116/1.4/board.xml as part xcku5p-ffvb676-2-e specified in board_part file is either invalid or not available
WARNING: [Board 49-26] cannot add Board Part xilinx.com:kcu116:part0:1.5 available at /tools/Xilinx/Vivado/2022.2/data/xhub/boards/XilinxBoardStore/boards/Xilinx/kcu116/1.5/board.xml as part xcku5p-ffvb676-2-e specified in board_part file is either invalid or not available
WARNING: [Board 49-26] cannot add Board Part xilinx.com:kcu1500:part0:1.2 available at /tools/Xilinx/Vivado/2022.2/data/xhub/boards/XilinxBoardStore/boards/Xilinx/kcu1500/1.2/board.xml as part xcku115-flvb2104-2-e specified in board_part file is either invalid or not available
WARNING: [Board 49-26] cannot add Board Part xilinx.com:kr260_som:part0:1.0 available at /tools/Xilinx/Vivado/2022.2/data/xhub/boards/XilinxBoardStore/boards/Xilinx/kr260_som/1.0/board.xml as part xck26-sfvc784-2lv-c specified in board_part file is either invalid or not available
WARNING: [Board 49-26] cannot add Board Part xilinx.com:kr260_som:part0:1.1 available at /tools/Xilinx/Vivado/2022.2/data/xhub/boards/XilinxBoardStore/boards/Xilinx/kr260_som/1.1/board.xml as part xck26-sfvc784-2lv-c specified in board_part file is either invalid or not available
WARNING: [Board 49-26] cannot add Board Part xilinx.com:kv260_som:part0:1.2 available at /tools/Xilinx/Vivado/2022.2/data/xhub/boards/XilinxBoardStore/boards/Xilinx/kv260_som/1.2/board.xml as part xck26-sfvc784-2lv-c specified in board_part file is either invalid or not available
WARNING: [Board 49-26] cannot add Board Part xilinx.com:kv260_som:part0:1.3 available at /tools/Xilinx/Vivado/2022.2/data/xhub/boards/XilinxBoardStore/boards/Xilinx/kv260_som/1.3/board.xml as part xck26-sfvc784-2lv-c specified in board_part file is either invalid or not available
WARNING: [Board 49-26] cannot add Board Part xilinx.com:kv260_som:part0:1.4 available at /tools/Xilinx/Vivado/2022.2/data/xhub/boards/XilinxBoardStore/boards/Xilinx/kv260_som/1.4/board.xml as part xck26-sfvc784-2lv-c specified in board_part file is either invalid or not available
WARNING: [Board 49-26] cannot add Board Part xilinx.com:sp701:part0:1.0 available at /tools/Xilinx/Vivado/2022.2/data/xhub/boards/XilinxBoardStore/boards/Xilinx/sp701/1.0/board.xml as part xc7s100fgga676-2 specified in board_part file is either invalid or not available
WARNING: [Board 49-26] cannot add Board Part xilinx.com:sp701:part0:1.1 available at /tools/Xilinx/Vivado/2022.2/data/xhub/boards/XilinxBoardStore/boards/Xilinx/sp701/1.1/board.xml as part xc7s100fgga676-2 specified in board_part file is either invalid or not available
WARNING: [Board 49-26] cannot add Board Part xilinx.com:vc707:part0:1.4 available at /tools/Xilinx/Vivado/2022.2/data/xhub/boards/XilinxBoardStore/boards/Xilinx/vc707/1.4/board.xml as part xc7vx485tffg1761-2 specified in board_part file is either invalid or not available
WARNING: [Board 49-26] cannot add Board Part xilinx.com:vc709:part0:1.8 available at /tools/Xilinx/Vivado/2022.2/data/xhub/boards/XilinxBoardStore/boards/Xilinx/vc709/1.8/board.xml as part xc7vx690tffg1761-2 specified in board_part file is either invalid or not available
WARNING: [Board 49-26] cannot add Board Part xilinx.com:vck190:part0:2.2 available at /tools/Xilinx/Vivado/2022.2/data/xhub/boards/XilinxBoardStore/boards/Xilinx/vck190/production/2.2/board.xml as part xcvc1902-vsva2197-2mp-e-s specified in board_part file is either invalid or not available
WARNING: [Board 49-26] cannot add Board Part xilinx.com:vck190:part0:3.0 available at /tools/Xilinx/Vivado/2022.2/data/xhub/boards/XilinxBoardStore/boards/Xilinx/vck190/production/3.0/board.xml as part xcvc1902-vsva2197-2mp-e-s specified in board_part file is either invalid or not available
WARNING: [Board 49-26] cannot add Board Part xilinx.com:vck190:part0:3.1 available at /tools/Xilinx/Vivado/2022.2/data/xhub/boards/XilinxBoardStore/boards/Xilinx/vck190/production/3.1/board.xml as part xcvc1902-vsva2197-2mp-e-s specified in board_part file is either invalid or not available
WARNING: [Board 49-26] cannot add Board Part xilinx.com:vck190_newl:part0:1.0 available at /tools/Xilinx/Vivado/2022.2/data/xhub/boards/XilinxBoardStore/boards/Xilinx/vck190_newl/production/1.0/board.xml as part xcvc1902-vsva2197-2mp-e-s specified in board_part file is either invalid or not available
WARNING: [Board 49-26] cannot add Board Part xilinx.com:vcu108:part0:1.6 available at /tools/Xilinx/Vivado/2022.2/data/xhub/boards/XilinxBoardStore/boards/Xilinx/vcu108/1.6/board.xml as part xcvu095-ffva2104-2-e specified in board_part file is either invalid or not available
WARNING: [Board 49-26] cannot add Board Part xilinx.com:vcu108:part0:1.7 available at /tools/Xilinx/Vivado/2022.2/data/xhub/boards/XilinxBoardStore/boards/Xilinx/vcu108/1.7/board.xml as part xcvu095-ffva2104-2-e specified in board_part file is either invalid or not available
WARNING: [Board 49-26] cannot add Board Part xilinx.com:vcu110:part0:1.4 available at /tools/Xilinx/Vivado/2022.2/data/xhub/boards/XilinxBoardStore/boards/Xilinx/vcu110/1.4/board.xml as part xcvu190-flgc2104-2-e specified in board_part file is either invalid or not available
WARNING: [Board 49-26] cannot add Board Part xilinx.com:vcu118:part0:2.0 available at /tools/Xilinx/Vivado/2022.2/data/xhub/boards/XilinxBoardStore/boards/Xilinx/vcu118/2.0/board.xml as part xcvu9p-flga2104-2l-e specified in board_part file is either invalid or not available
WARNING: [Board 49-26] cannot add Board Part xilinx.com:vcu118:part0:2.3 available at /tools/Xilinx/Vivado/2022.2/data/xhub/boards/XilinxBoardStore/boards/Xilinx/vcu118/2.3/board.xml as part xcvu9p-flga2104-2l-e specified in board_part file is either invalid or not available
WARNING: [Board 49-26] cannot add Board Part xilinx.com:vcu118:part0:2.4 available at /tools/Xilinx/Vivado/2022.2/data/xhub/boards/XilinxBoardStore/boards/Xilinx/vcu118/2.4/board.xml as part xcvu9p-flga2104-2l-e specified in board_part file is either invalid or not available
WARNING: [Board 49-26] cannot add Board Part xilinx.com:vcu128:part0:1.0 available at /tools/Xilinx/Vivado/2022.2/data/xhub/boards/XilinxBoardStore/boards/Xilinx/vcu128/production/1.0/board.xml as part xcvu37p-fsvh2892-2l-e specified in board_part file is either invalid or not available
WARNING: [Board 49-26] cannot add Board Part xilinx.com:vcu129:part0:1.0 available at /tools/Xilinx/Vivado/2022.2/data/xhub/boards/XilinxBoardStore/boards/Xilinx/vcu129/production/1.0/board.xml as part xcvu29p-fsga2577-2l-e specified in board_part file is either invalid or not available
WARNING: [Board 49-26] cannot add Board Part xilinx.com:vcu1525:part0:1.3 available at /tools/Xilinx/Vivado/2022.2/data/xhub/boards/XilinxBoardStore/boards/Xilinx/vcu1525/1.3/board.xml as part xcvu9p-fsgd2104-2l-e specified in board_part file is either invalid or not available
WARNING: [Board 49-26] cannot add Board Part xilinx.com:vek280_es:part0:1.0 available at /tools/Xilinx/Vivado/2022.2/data/xhub/boards/XilinxBoardStore/boards/Xilinx/vek280/es/1.0/board.xml as part xcve2802-vsvh1760-2lp-e-s-es1 specified in board_part file is either invalid or not available
WARNING: [Board 49-26] cannot add Board Part xilinx.com:vermeo_t1_mpsoc:part0:1.0 available at /tools/Xilinx/Vivado/2022.2/data/xhub/boards/XilinxBoardStore/boards/Xilinx/vermeo_t1_mpsoc/1.0/board.xml as part xczu19eg-ffvd1760-2l-e specified in board_part file is either invalid or not available
WARNING: [Board 49-26] cannot add Board Part xilinx.com:vermeo_t1_rfsoc:part0:1.0 available at /tools/Xilinx/Vivado/2022.2/data/xhub/boards/XilinxBoardStore/boards/Xilinx/vermeo_t1_rfsoc/1.0/board.xml as part xczu21dr-ffvd1156-2l-e specified in board_part file is either invalid or not available
WARNING: [Board 49-26] cannot add Board Part xilinx.com:vhk158_es:part0:1.0 available at /tools/Xilinx/Vivado/2022.2/data/xhub/boards/XilinxBoardStore/boards/Xilinx/vhk158/es/1.0/board.xml as part xcvh1582-vsva3697-2mp-e-s-es1 specified in board_part file is either invalid or not available
WARNING: [Board 49-26] cannot add Board Part xilinx.com:vmk180:part0:2.2 available at /tools/Xilinx/Vivado/2022.2/data/xhub/boards/XilinxBoardStore/boards/Xilinx/vmk180/production/2.2/board.xml as part xcvm1802-vsva2197-2mp-e-s specified in board_part file is either invalid or not available
WARNING: [Board 49-26] cannot add Board Part xilinx.com:vmk180:part0:3.0 available at /tools/Xilinx/Vivado/2022.2/data/xhub/boards/XilinxBoardStore/boards/Xilinx/vmk180/production/3.0/board.xml as part xcvm1802-vsva2197-2mp-e-s specified in board_part file is either invalid or not available
WARNING: [Board 49-26] cannot add Board Part xilinx.com:vmk180:part0:3.1 available at /tools/Xilinx/Vivado/2022.2/data/xhub/boards/XilinxBoardStore/boards/Xilinx/vmk180/production/3.1/board.xml as part xcvm1802-vsva2197-2mp-e-s specified in board_part file is either invalid or not available
WARNING: [Board 49-26] cannot add Board Part xilinx.com:vmk180_newl:part0:1.0 available at /tools/Xilinx/Vivado/2022.2/data/xhub/boards/XilinxBoardStore/boards/Xilinx/vmk180_newl/production/1.0/board.xml as part xcvm1802-vsva2197-2mp-e-s specified in board_part file is either invalid or not available
WARNING: [Board 49-26] cannot add Board Part xilinx.com:vpk120:part0:1.0 available at /tools/Xilinx/Vivado/2022.2/data/xhub/boards/XilinxBoardStore/boards/Xilinx/vpk120/production/1.0/board.xml as part xcvp1202-vsva2785-2mp-e-s specified in board_part file is either invalid or not available
WARNING: [Board 49-26] cannot add Board Part xilinx.com:vpk120_es:part0:1.2 available at /tools/Xilinx/Vivado/2022.2/data/xhub/boards/XilinxBoardStore/boards/Xilinx/vpk120/es/1.2/board.xml as part xcvp1202-vsva2785-2mp-e-s-es1 specified in board_part file is either invalid or not available
WARNING: [Board 49-26] cannot add Board Part xilinx.com:vpk120_es_revb:part0:1.0 available at /tools/Xilinx/Vivado/2022.2/data/xhub/boards/XilinxBoardStore/boards/Xilinx/vpk120_revb/es/1.0/board.xml as part xcvp1202-vsva2785-2mp-e-s-es1 specified in board_part file is either invalid or not available
WARNING: [Board 49-26] cannot add Board Part xilinx.com:vpk180_es:part0:1.0 available at /tools/Xilinx/Vivado/2022.2/data/xhub/boards/XilinxBoardStore/boards/Xilinx/vpk180/es/1.0/board.xml as part xcvp1802-lsvc4072-2mp-e-s-es1 specified in board_part file is either invalid or not available
WARNING: [Board 49-26] cannot add Board Part xilinx.com:zcu102:part0:3.3 available at /tools/Xilinx/Vivado/2022.2/data/xhub/boards/XilinxBoardStore/boards/Xilinx/zcu102/3.3/board.xml as part xczu9eg-ffvb1156-2-e specified in board_part file is either invalid or not available
WARNING: [Board 49-26] cannot add Board Part xilinx.com:zcu102:part0:3.4 available at /tools/Xilinx/Vivado/2022.2/data/xhub/boards/XilinxBoardStore/boards/Xilinx/zcu102/3.4/board.xml as part xczu9eg-ffvb1156-2-e specified in board_part file is either invalid or not available
WARNING: [Board 49-26] cannot add Board Part xilinx.com:zcu104:part0:1.1 available at /tools/Xilinx/Vivado/2022.2/data/xhub/boards/XilinxBoardStore/boards/Xilinx/zcu104/1.1/board.xml as part xczu7ev-ffvc1156-2-e specified in board_part file is either invalid or not available
WARNING: [Board 49-26] cannot add Board Part xilinx.com:zcu106:part0:2.4 available at /tools/Xilinx/Vivado/2022.2/data/xhub/boards/XilinxBoardStore/boards/Xilinx/zcu106/2.4/board.xml as part xczu7ev-ffvc1156-2-e specified in board_part file is either invalid or not available
WARNING: [Board 49-26] cannot add Board Part xilinx.com:zcu106:part0:2.5 available at /tools/Xilinx/Vivado/2022.2/data/xhub/boards/XilinxBoardStore/boards/Xilinx/zcu106/2.5/board.xml as part xczu7ev-ffvc1156-2-e specified in board_part file is either invalid or not available
WARNING: [Board 49-26] cannot add Board Part xilinx.com:zcu106:part0:2.6 available at /tools/Xilinx/Vivado/2022.2/data/xhub/boards/XilinxBoardStore/boards/Xilinx/zcu106/2.6/board.xml as part xczu7ev-ffvc1156-2-e specified in board_part file is either invalid or not available
WARNING: [Board 49-26] cannot add Board Part xilinx.com:zcu111:part0:1.2 available at /tools/Xilinx/Vivado/2022.2/data/xhub/boards/XilinxBoardStore/boards/Xilinx/zcu111/1.2/board.xml as part xczu28dr-ffvg1517-2-e specified in board_part file is either invalid or not available
WARNING: [Board 49-26] cannot add Board Part xilinx.com:zcu111:part0:1.3 available at /tools/Xilinx/Vivado/2022.2/data/xhub/boards/XilinxBoardStore/boards/Xilinx/zcu111/1.3/board.xml as part xczu28dr-ffvg1517-2-e specified in board_part file is either invalid or not available
WARNING: [Board 49-26] cannot add Board Part xilinx.com:zcu111:part0:1.4 available at /tools/Xilinx/Vivado/2022.2/data/xhub/boards/XilinxBoardStore/boards/Xilinx/zcu111/1.4/board.xml as part xczu28dr-ffvg1517-2-e specified in board_part file is either invalid or not available
WARNING: [Board 49-26] cannot add Board Part xilinx.com:zcu1275:part0:1.0 available at /tools/Xilinx/Vivado/2022.2/data/xhub/boards/XilinxBoardStore/boards/Xilinx/zcu1275/1.0/board.xml as part xczu29dr-ffvf1760-2-e specified in board_part file is either invalid or not available
WARNING: [Board 49-26] cannot add Board Part xilinx.com:zcu1285:part0:1.0 available at /tools/Xilinx/Vivado/2022.2/data/xhub/boards/XilinxBoardStore/boards/Xilinx/zcu1285/1.0/board.xml as part xczu39dr-ffvf1760-2-i specified in board_part file is either invalid or not available
WARNING: [Board 49-26] cannot add Board Part xilinx.com:zcu208:part0:2.0 available at /tools/Xilinx/Vivado/2022.2/data/xhub/boards/XilinxBoardStore/boards/Xilinx/zcu208/production/2.0/board.xml as part xczu48dr-fsvg1517-2-e specified in board_part file is either invalid or not available
WARNING: [Board 49-26] cannot add Board Part xilinx.com:zcu208ld:part0:2.0 available at /tools/Xilinx/Vivado/2022.2/data/xhub/boards/XilinxBoardStore/boards/Xilinx/zcu208ld/production/2.0/board.xml as part xczu58dr-fsvg1517-2-i specified in board_part file is either invalid or not available
WARNING: [Board 49-26] cannot add Board Part xilinx.com:zcu216:part0:2.0 available at /tools/Xilinx/Vivado/2022.2/data/xhub/boards/XilinxBoardStore/boards/Xilinx/zcu216/production/2.0/board.xml as part xczu49dr-ffvf1760-2-e specified in board_part file is either invalid or not available
WARNING: [Board 49-26] cannot add Board Part xilinx.com:zcu216ld:part0:2.0 available at /tools/Xilinx/Vivado/2022.2/data/xhub/boards/XilinxBoardStore/boards/Xilinx/zcu216ld/production/2.0/board.xml as part xczu59dr-ffvf1760-2-i specified in board_part file is either invalid or not available
WARNING: [Board 49-26] cannot add Board Part xilinx.com:zcu670:part0:2.0 available at /tools/Xilinx/Vivado/2022.2/data/xhub/boards/XilinxBoardStore/boards/Xilinx/zcu670/2.0/board.xml as part xczu67dr-fsve1156-2-i specified in board_part file is either invalid or not available
WARNING: [Board 49-26] cannot add Board Part xilinx.com:zcu670ld:part0:1.0 available at /tools/Xilinx/Vivado/2022.2/data/xhub/boards/XilinxBoardStore/boards/Xilinx/zcu670ld/1.0/board.xml as part xczu57dr-fsve1156-2-i specified in board_part file is either invalid or not available
open_project /home/robotics/Documents/bharat-ai-soc-student-challenge/New_Train/new_res_brevitas/finn/finn_zybo_project/gen_xpr/vivado_zynq_proj_958bs6uk/finn_zynq_link.xpr
INFO: [Project 1-313] Project file moved from '/tmp/finn_build_temp/vivado_zynq_proj_958bs6uk' since last save.
INFO: [filemgmt 56-1] Board Part Repository Path: Directory not found as '/home/robotics/Documents/bharat-ai-soc-student-challenge/New_Train/new_res_brevitas/finn/home/robotics/Documents/bharat-ai-soc-student-challenge/New_Train/new_res_brevitas/finn/deps/board_files'; using path '/home/robotics/Documents/bharat-ai-soc-student-challenge/New_Train/new_res_brevitas/finn/deps/board_files' instead.
INFO: [filemgmt 56-3] Default IP Output Path : Could not find the directory '/home/robotics/Documents/bharat-ai-soc-student-challenge/New_Train/new_res_brevitas/finn/finn_zybo_project/gen_xpr/vivado_zynq_proj_958bs6uk/finn_zynq_link.gen/sources_1'.
Scanning sources...
Finished scanning sources
INFO: [Project 1-1877] Auto incremental dir location '/home/robotics/Documents/bharat-ai-soc-student-challenge/New_Train/new_res_brevitas/finn/finn_zybo_project/gen_xpr/vivado_zynq_proj_958bs6uk/finn_zynq_link.srcs/utils_1/imports/synth_1' of run 'synth_1' is not writable, setting it to default location '/home/robotics/Documents/bharat-ai-soc-student-challenge/New_Train/new_res_brevitas/finn/finn_zybo_project/gen_xpr/vivado_zynq_proj_958bs6uk/finn_zynq_link.srcs/utils_1/imports/synth_1'.
INFO: [Project 1-1877] Auto incremental dir location '/home/robotics/Documents/bharat-ai-soc-student-challenge/New_Train/new_res_brevitas/finn/finn_zybo_project/gen_xpr/vivado_zynq_proj_958bs6uk/finn_zynq_link.srcs/utils_1/imports/synth_1' of run 'synth_1' is not writable, setting it to default location '/home/robotics/Documents/bharat-ai-soc-student-challenge/New_Train/new_res_brevitas/finn/finn_zybo_project/gen_xpr/vivado_zynq_proj_958bs6uk/finn_zynq_link.srcs/utils_1/imports/synth_1'.
INFO: [Project 1-1877] Auto incremental dir location '/home/robotics/Documents/bharat-ai-soc-student-challenge/New_Train/new_res_brevitas/finn/finn_zybo_project/gen_xpr/vivado_zynq_proj_958bs6uk/finn_zynq_link.srcs/utils_1/imports/impl_1' of run 'impl_1' is not writable, setting it to default location '/home/robotics/Documents/bharat-ai-soc-student-challenge/New_Train/new_res_brevitas/finn/finn_zybo_project/gen_xpr/vivado_zynq_proj_958bs6uk/finn_zynq_link.srcs/utils_1/imports/impl_1'.
INFO: [Project 1-1877] Auto incremental dir location '/home/robotics/Documents/bharat-ai-soc-student-challenge/New_Train/new_res_brevitas/finn/finn_zybo_project/gen_xpr/vivado_zynq_proj_958bs6uk/finn_zynq_link.srcs/utils_1/imports/impl_1' of run 'impl_1' is not writable, setting it to default location '/home/robotics/Documents/bharat-ai-soc-student-challenge/New_Train/new_res_brevitas/finn/finn_zybo_project/gen_xpr/vivado_zynq_proj_958bs6uk/finn_zynq_link.srcs/utils_1/imports/impl_1'.
WARNING: [BD 41-1663] The design 'top.bd' cannot be modified due to following reason(s):
* Block design BD file is read-only. Please check file-permissions. 
* Block design BD file is remote and the .gen output directory of this BD file is read-only. Please check file/dir-permissions. 
* Project is read-only. Please run 'save_project_as' before making any change to the bd-design. 

INFO: [IP_Flow 19-234] Refreshing IP repositories
INFO: [IP_Flow 19-1704] No user IP repositories specified
INFO: [IP_Flow 19-2313] Loaded Vivado IP repository '/tools/Xilinx/Vivado/2022.2/data/ip'.
update_compile_order -fileset sources_1
save_project_as project_gen_finn /home/robotics/Documents/bharat-ai-soc-student-challenge/New_Train/new_res_brevitas/project_gen_finn -force
open_bd_design {/home/robotics/Documents/bharat-ai-soc-student-challenge/New_Train/new_res_brevitas/project_gen_finn/project_gen_finn.srcs/sources_1/bd/top/top.bd}
Reading block design file </home/robotics/Documents/bharat-ai-soc-student-challenge/New_Train/new_res_brevitas/project_gen_finn/project_gen_finn.srcs/sources_1/bd/top/top.bd>...
Successfully read diagram <top> from block design file </home/robotics/Documents/bharat-ai-soc-student-challenge/New_Train/new_res_brevitas/project_gen_finn/project_gen_finn.srcs/sources_1/bd/top/top.bd>
close_project
open_project /home/robotics/Documents/bharat-ai-soc-student-challenge/New_Train/new_res_brevitas/finn/finn_zybo_project/output_hardware/stitched_ip/finn_vivado_stitch_proj.xpr
INFO: [Project 1-313] Project file moved from '/tmp/finn_build_temp/vivado_stitch_proj_hr_ai0ak' since last save.
INFO: [filemgmt 56-1] IP Repository Path: Directory not found as '/home/robotics/Documents/bharat-ai-soc-student-challenge/New_Train/new_res_brevitas/finn/home/robotics/Documents/bharat-ai-soc-student-challenge/New_Train/new_res_brevitas/finn/finn-rtllib/memstream'; using path '/home/robotics/Documents/bharat-ai-soc-student-challenge/New_Train/new_res_brevitas/finn/finn-rtllib/memstream' instead.
WARNING: [filemgmt 56-2] IP Repository Path: Could not find the directory '/home/robotics/Documents/bharat-ai-soc-student-challenge/New_Train/new_res_brevitas/finn/finn_zybo_project/output_hardware/code_gen_ipgen_StreamingFIFO_rtl_0_5fgk3b0m', nor could it be found using path '/tmp/finn_build_temp/code_gen_ipgen_StreamingFIFO_rtl_0_5fgk3b0m'.
WARNING: [filemgmt 56-2] IP Repository Path: Could not find the directory '/home/robotics/Documents/bharat-ai-soc-student-challenge/New_Train/new_res_brevitas/finn/finn_zybo_project/output_hardware/code_gen_ipgen_FMPadding_rtl_0_2_eluc6w', nor could it be found using path '/tmp/finn_build_temp/code_gen_ipgen_FMPadding_rtl_0_2_eluc6w'.
WARNING: [filemgmt 56-2] IP Repository Path: Could not find the directory '/home/robotics/Documents/bharat-ai-soc-student-challenge/New_Train/new_res_brevitas/finn/finn_zybo_project/output_hardware/code_gen_ipgen_StreamingFIFO_rtl_1_btul5lb1', nor could it be found using path '/tmp/finn_build_temp/code_gen_ipgen_StreamingFIFO_rtl_1_btul5lb1'.
WARNING: [filemgmt 56-2] IP Repository Path: Could not find the directory '/home/robotics/Documents/bharat-ai-soc-student-challenge/New_Train/new_res_brevitas/finn/finn_zybo_project/output_hardware/code_gen_ipgen_StreamingDataWidthConverter_rtl_0_bsubnyo7', nor could it be found using path '/tmp/finn_build_temp/code_gen_ipgen_StreamingDataWidthConverter_rtl_0_bsubnyo7'.
WARNING: [filemgmt 56-2] IP Repository Path: Could not find the directory '/home/robotics/Documents/bharat-ai-soc-student-challenge/New_Train/new_res_brevitas/finn/finn_zybo_project/output_hardware/code_gen_ipgen_StreamingFIFO_rtl_2_n83wlczx', nor could it be found using path '/tmp/finn_build_temp/code_gen_ipgen_StreamingFIFO_rtl_2_n83wlczx'.
WARNING: [filemgmt 56-2] IP Repository Path: Could not find the directory '/home/robotics/Documents/bharat-ai-soc-student-challenge/New_Train/new_res_brevitas/finn/finn_zybo_project/output_hardware/code_gen_ipgen_ConvolutionInputGenerator_rtl_0_u0kafh78', nor could it be found using path '/tmp/finn_build_temp/code_gen_ipgen_ConvolutionInputGenerator_rtl_0_u0kafh78'.
WARNING: [filemgmt 56-2] IP Repository Path: Could not find the directory '/home/robotics/Documents/bharat-ai-soc-student-challenge/New_Train/new_res_brevitas/finn/finn_zybo_project/output_hardware/code_gen_ipgen_StreamingFIFO_rtl_3_yza_nuyj', nor could it be found using path '/tmp/finn_build_temp/code_gen_ipgen_StreamingFIFO_rtl_3_yza_nuyj'.
WARNING: [filemgmt 56-2] IP Repository Path: Could not find the directory '/home/robotics/Documents/bharat-ai-soc-student-challenge/New_Train/new_res_brevitas/finn/finn_zybo_project/output_hardware/code_gen_ipgen_MVAU_hls_0_abe2epdn/project_MVAU_hls_0/sol1/impl/ip', nor could it be found using path '/tmp/finn_build_temp/code_gen_ipgen_MVAU_hls_0_abe2epdn/project_MVAU_hls_0/sol1/impl/ip'.
WARNING: [filemgmt 56-2] IP Repository Path: Could not find the directory '/home/robotics/Documents/bharat-ai-soc-student-challenge/New_Train/new_res_brevitas/finn/finn_zybo_project/output_hardware/code_gen_ipgen_StreamingFIFO_rtl_4_tg3fq0lj', nor could it be found using path '/tmp/finn_build_temp/code_gen_ipgen_StreamingFIFO_rtl_4_tg3fq0lj'.
WARNING: [filemgmt 56-2] IP Repository Path: Could not find the directory '/home/robotics/Documents/bharat-ai-soc-student-challenge/New_Train/new_res_brevitas/finn/finn_zybo_project/output_hardware/code_gen_ipgen_StreamingDataWidthConverter_rtl_1_rx16jc3l', nor could it be found using path '/tmp/finn_build_temp/code_gen_ipgen_StreamingDataWidthConverter_rtl_1_rx16jc3l'.
WARNING: [filemgmt 56-2] IP Repository Path: Could not find the directory '/home/robotics/Documents/bharat-ai-soc-student-challenge/New_Train/new_res_brevitas/finn/finn_zybo_project/output_hardware/code_gen_ipgen_StreamingFIFO_rtl_5_jscpcr7l', nor could it be found using path '/tmp/finn_build_temp/code_gen_ipgen_StreamingFIFO_rtl_5_jscpcr7l'.
WARNING: [filemgmt 56-2] IP Repository Path: Could not find the directory '/home/robotics/Documents/bharat-ai-soc-student-challenge/New_Train/new_res_brevitas/finn/finn_zybo_project/output_hardware/code_gen_ipgen_StreamingMaxPool_hls_0_3742g_zy/project_StreamingMaxPool_hls_0/sol1/impl/ip', nor could it be found using path '/tmp/finn_build_temp/code_gen_ipgen_StreamingMaxPool_hls_0_3742g_zy/project_StreamingMaxPool_hls_0/sol1/impl/ip'.
WARNING: [filemgmt 56-2] IP Repository Path: Could not find the directory '/home/robotics/Documents/bharat-ai-soc-student-challenge/New_Train/new_res_brevitas/finn/finn_zybo_project/output_hardware/code_gen_ipgen_StreamingFIFO_rtl_6_c3m5pyyr', nor could it be found using path '/tmp/finn_build_temp/code_gen_ipgen_StreamingFIFO_rtl_6_c3m5pyyr'.
WARNING: [filemgmt 56-2] IP Repository Path: Could not find the directory '/home/robotics/Documents/bharat-ai-soc-student-challenge/New_Train/new_res_brevitas/finn/finn_zybo_project/output_hardware/code_gen_ipgen_FMPadding_rtl_1_b8xjfpwf', nor could it be found using path '/tmp/finn_build_temp/code_gen_ipgen_FMPadding_rtl_1_b8xjfpwf'.
WARNING: [filemgmt 56-2] IP Repository Path: Could not find the directory '/home/robotics/Documents/bharat-ai-soc-student-challenge/New_Train/new_res_brevitas/finn/finn_zybo_project/output_hardware/code_gen_ipgen_StreamingFIFO_rtl_7_91tqdnz3', nor could it be found using path '/tmp/finn_build_temp/code_gen_ipgen_StreamingFIFO_rtl_7_91tqdnz3'.
WARNING: [filemgmt 56-2] IP Repository Path: Could not find the directory '/home/robotics/Documents/bharat-ai-soc-student-challenge/New_Train/new_res_brevitas/finn/finn_zybo_project/output_hardware/code_gen_ipgen_StreamingDataWidthConverter_rtl_2_unoej2n1', nor could it be found using path '/tmp/finn_build_temp/code_gen_ipgen_StreamingDataWidthConverter_rtl_2_unoej2n1'.
WARNING: [filemgmt 56-2] IP Repository Path: Could not find the directory '/home/robotics/Documents/bharat-ai-soc-student-challenge/New_Train/new_res_brevitas/finn/finn_zybo_project/output_hardware/code_gen_ipgen_StreamingFIFO_rtl_8_jp58tokm', nor could it be found using path '/tmp/finn_build_temp/code_gen_ipgen_StreamingFIFO_rtl_8_jp58tokm'.
WARNING: [filemgmt 56-2] IP Repository Path: Could not find the directory '/home/robotics/Documents/bharat-ai-soc-student-challenge/New_Train/new_res_brevitas/finn/finn_zybo_project/output_hardware/code_gen_ipgen_ConvolutionInputGenerator_rtl_1_z4o8kewb', nor could it be found using path '/tmp/finn_build_temp/code_gen_ipgen_ConvolutionInputGenerator_rtl_1_z4o8kewb'.
WARNING: [filemgmt 56-2] IP Repository Path: Could not find the directory '/home/robotics/Documents/bharat-ai-soc-student-challenge/New_Train/new_res_brevitas/finn/finn_zybo_project/output_hardware/code_gen_ipgen_StreamingFIFO_rtl_9_pxchce00', nor could it be found using path '/tmp/finn_build_temp/code_gen_ipgen_StreamingFIFO_rtl_9_pxchce00'.
WARNING: [filemgmt 56-2] IP Repository Path: Could not find the directory '/home/robotics/Documents/bharat-ai-soc-student-challenge/New_Train/new_res_brevitas/finn/finn_zybo_project/output_hardware/code_gen_ipgen_MVAU_hls_1_c3fojq2h/project_MVAU_hls_1/sol1/impl/ip', nor could it be found using path '/tmp/finn_build_temp/code_gen_ipgen_MVAU_hls_1_c3fojq2h/project_MVAU_hls_1/sol1/impl/ip'.
WARNING: [filemgmt 56-2] IP Repository Path: Could not find the directory '/home/robotics/Documents/bharat-ai-soc-student-challenge/New_Train/new_res_brevitas/finn/finn_zybo_project/output_hardware/code_gen_ipgen_StreamingFIFO_rtl_10_pbbv408u', nor could it be found using path '/tmp/finn_build_temp/code_gen_ipgen_StreamingFIFO_rtl_10_pbbv408u'.
WARNING: [filemgmt 56-2] IP Repository Path: Could not find the directory '/home/robotics/Documents/bharat-ai-soc-student-challenge/New_Train/new_res_brevitas/finn/finn_zybo_project/output_hardware/code_gen_ipgen_StreamingDataWidthConverter_rtl_3_7zgrws2n', nor could it be found using path '/tmp/finn_build_temp/code_gen_ipgen_StreamingDataWidthConverter_rtl_3_7zgrws2n'.
WARNING: [filemgmt 56-2] IP Repository Path: Could not find the directory '/home/robotics/Documents/bharat-ai-soc-student-challenge/New_Train/new_res_brevitas/finn/finn_zybo_project/output_hardware/code_gen_ipgen_StreamingFIFO_rtl_11_kgupmulb', nor could it be found using path '/tmp/finn_build_temp/code_gen_ipgen_StreamingFIFO_rtl_11_kgupmulb'.
WARNING: [filemgmt 56-2] IP Repository Path: Could not find the directory '/home/robotics/Documents/bharat-ai-soc-student-challenge/New_Train/new_res_brevitas/finn/finn_zybo_project/output_hardware/code_gen_ipgen_StreamingMaxPool_hls_1_j0gy4fl3/project_StreamingMaxPool_hls_1/sol1/impl/ip', nor could it be found using path '/tmp/finn_build_temp/code_gen_ipgen_StreamingMaxPool_hls_1_j0gy4fl3/project_StreamingMaxPool_hls_1/sol1/impl/ip'.
WARNING: [filemgmt 56-2] IP Repository Path: Could not find the directory '/home/robotics/Documents/bharat-ai-soc-student-challenge/New_Train/new_res_brevitas/finn/finn_zybo_project/output_hardware/code_gen_ipgen_StreamingFIFO_rtl_12_4fduznwj', nor could it be found using path '/tmp/finn_build_temp/code_gen_ipgen_StreamingFIFO_rtl_12_4fduznwj'.
WARNING: [filemgmt 56-2] IP Repository Path: Could not find the directory '/home/robotics/Documents/bharat-ai-soc-student-challenge/New_Train/new_res_brevitas/finn/finn_zybo_project/output_hardware/code_gen_ipgen_StreamingDataWidthConverter_rtl_4_p21vizja', nor could it be found using path '/tmp/finn_build_temp/code_gen_ipgen_StreamingDataWidthConverter_rtl_4_p21vizja'.
WARNING: [filemgmt 56-2] IP Repository Path: Could not find the directory '/home/robotics/Documents/bharat-ai-soc-student-challenge/New_Train/new_res_brevitas/finn/finn_zybo_project/output_hardware/code_gen_ipgen_StreamingFIFO_rtl_13_7y9hiqg2', nor could it be found using path '/tmp/finn_build_temp/code_gen_ipgen_StreamingFIFO_rtl_13_7y9hiqg2'.
WARNING: [filemgmt 56-2] IP Repository Path: Could not find the directory '/home/robotics/Documents/bharat-ai-soc-student-challenge/New_Train/new_res_brevitas/finn/finn_zybo_project/output_hardware/code_gen_ipgen_MVAU_rtl_0_bqbp8ror', nor could it be found using path '/tmp/finn_build_temp/code_gen_ipgen_MVAU_rtl_0_bqbp8ror'.
WARNING: [filemgmt 56-2] IP Repository Path: Could not find the directory '/home/robotics/Documents/bharat-ai-soc-student-challenge/New_Train/new_res_brevitas/finn/finn_zybo_project/output_hardware/code_gen_ipgen_StreamingFIFO_rtl_14_fbo0yhkd', nor could it be found using path '/tmp/finn_build_temp/code_gen_ipgen_StreamingFIFO_rtl_14_fbo0yhkd'.
CRITICAL WARNING: [Project 1-311] Could not find the file '/home/robotics/Documents/bharat-ai-soc-student-challenge/New_Train/new_res_brevitas/finn/finn_zybo_project/output_hardware/code_gen_ipgen_StreamingFIFO_rtl_0_5fgk3b0m/Q_srl.v', nor could it be found using path '/tmp/finn_build_temp/code_gen_ipgen_StreamingFIFO_rtl_0_5fgk3b0m/Q_srl.v'.
CRITICAL WARNING: [Project 1-311] Could not find the file '/home/robotics/Documents/bharat-ai-soc-student-challenge/New_Train/new_res_brevitas/finn/finn_zybo_project/output_hardware/code_gen_ipgen_StreamingFIFO_rtl_0_5fgk3b0m/StreamingFIFO_rtl_0.v', nor could it be found using path '/tmp/finn_build_temp/code_gen_ipgen_StreamingFIFO_rtl_0_5fgk3b0m/StreamingFIFO_rtl_0.v'.
CRITICAL WARNING: [Project 1-311] Could not find the file '/home/robotics/Documents/bharat-ai-soc-student-challenge/New_Train/new_res_brevitas/finn/finn_zybo_project/output_hardware/code_gen_ipgen_FMPadding_rtl_0_2_eluc6w/fmpadding_axi.sv', nor could it be found using path '/tmp/finn_build_temp/code_gen_ipgen_FMPadding_rtl_0_2_eluc6w/fmpadding_axi.sv'.
CRITICAL WARNING: [Project 1-311] Could not find the file '/home/robotics/Documents/bharat-ai-soc-student-challenge/New_Train/new_res_brevitas/finn/finn_zybo_project/output_hardware/code_gen_ipgen_FMPadding_rtl_0_2_eluc6w/fmpadding.sv', nor could it be found using path '/tmp/finn_build_temp/code_gen_ipgen_FMPadding_rtl_0_2_eluc6w/fmpadding.sv'.
CRITICAL WARNING: [Project 1-311] Could not find the file '/home/robotics/Documents/bharat-ai-soc-student-challenge/New_Train/new_res_brevitas/finn/finn_zybo_project/output_hardware/code_gen_ipgen_FMPadding_rtl_0_2_eluc6w/axi2we.sv', nor could it be found using path '/tmp/finn_build_temp/code_gen_ipgen_FMPadding_rtl_0_2_eluc6w/axi2we.sv'.
CRITICAL WARNING: [Project 1-311] Could not find the file '/home/robotics/Documents/bharat-ai-soc-student-challenge/New_Train/new_res_brevitas/finn/finn_zybo_project/output_hardware/code_gen_ipgen_FMPadding_rtl_0_2_eluc6w/FMPadding_rtl_0.v', nor could it be found using path '/tmp/finn_build_temp/code_gen_ipgen_FMPadding_rtl_0_2_eluc6w/FMPadding_rtl_0.v'.
CRITICAL WARNING: [Project 1-311] Could not find the file '/home/robotics/Documents/bharat-ai-soc-student-challenge/New_Train/new_res_brevitas/finn/finn_zybo_project/output_hardware/code_gen_ipgen_StreamingDataWidthConverter_rtl_0_bsubnyo7/dwc_axi.sv', nor could it be found using path '/tmp/finn_build_temp/code_gen_ipgen_StreamingDataWidthConverter_rtl_0_bsubnyo7/dwc_axi.sv'.
CRITICAL WARNING: [Project 1-311] Could not find the file '/home/robotics/Documents/bharat-ai-soc-student-challenge/New_Train/new_res_brevitas/finn/finn_zybo_project/output_hardware/code_gen_ipgen_StreamingDataWidthConverter_rtl_0_bsubnyo7/dwc.sv', nor could it be found using path '/tmp/finn_build_temp/code_gen_ipgen_StreamingDataWidthConverter_rtl_0_bsubnyo7/dwc.sv'.
CRITICAL WARNING: [Project 1-311] Could not find the file '/home/robotics/Documents/bharat-ai-soc-student-challenge/New_Train/new_res_brevitas/finn/finn_zybo_project/output_hardware/code_gen_ipgen_StreamingDataWidthConverter_rtl_0_bsubnyo7/StreamingDataWidthConverter_rtl_0.v', nor could it be found using path '/tmp/finn_build_temp/code_gen_ipgen_StreamingDataWidthConverter_rtl_0_bsubnyo7/StreamingDataWidthConverter_rtl_0.v'.
CRITICAL WARNING: [Project 1-311] Could not find the file '/home/robotics/Documents/bharat-ai-soc-student-challenge/New_Train/new_res_brevitas/finn/finn_zybo_project/output_hardware/code_gen_ipgen_ConvolutionInputGenerator_rtl_0_u0kafh78/swg_pkg.sv', nor could it be found using path '/tmp/finn_build_temp/code_gen_ipgen_ConvolutionInputGenerator_rtl_0_u0kafh78/swg_pkg.sv'.
CRITICAL WARNING: [Project 1-311] Could not find the file '/home/robotics/Documents/bharat-ai-soc-student-challenge/New_Train/new_res_brevitas/finn/finn_zybo_project/output_hardware/code_gen_ipgen_ConvolutionInputGenerator_rtl_0_u0kafh78/ConvolutionInputGenerator_rtl_0_wrapper.v', nor could it be found using path '/tmp/finn_build_temp/code_gen_ipgen_ConvolutionInputGenerator_rtl_0_u0kafh78/ConvolutionInputGenerator_rtl_0_wrapper.v'.
CRITICAL WARNING: [Project 1-311] Could not find the file '/home/robotics/Documents/bharat-ai-soc-student-challenge/New_Train/new_res_brevitas/finn/finn_zybo_project/output_hardware/code_gen_ipgen_ConvolutionInputGenerator_rtl_0_u0kafh78/ConvolutionInputGenerator_rtl_0_impl.sv', nor could it be found using path '/tmp/finn_build_temp/code_gen_ipgen_ConvolutionInputGenerator_rtl_0_u0kafh78/ConvolutionInputGenerator_rtl_0_impl.sv'.
CRITICAL WARNING: [Project 1-311] Could not find the file '/home/robotics/Documents/bharat-ai-soc-student-challenge/New_Train/new_res_brevitas/finn/finn_zybo_project/output_hardware/code_gen_ipgen_ConvolutionInputGenerator_rtl_0_u0kafh78/swg_common.sv', nor could it be found using path '/tmp/finn_build_temp/code_gen_ipgen_ConvolutionInputGenerator_rtl_0_u0kafh78/swg_common.sv'.
CRITICAL WARNING: [Project 1-311] Could not find the file '/home/robotics/Documents/bharat-ai-soc-student-challenge/New_Train/new_res_brevitas/finn/finn_zybo_project/output_hardware/code_gen_ipgen_StreamingFIFO_rtl_4_tg3fq0lj/Q_srl.v', nor could it be found using path '/tmp/finn_build_temp/code_gen_ipgen_StreamingFIFO_rtl_4_tg3fq0lj/Q_srl.v'.
CRITICAL WARNING: [Project 1-311] Could not find the file '/home/robotics/Documents/bharat-ai-soc-student-challenge/New_Train/new_res_brevitas/finn/finn_zybo_project/output_hardware/code_gen_ipgen_StreamingFIFO_rtl_4_tg3fq0lj/StreamingFIFO_rtl_4.v', nor could it be found using path '/tmp/finn_build_temp/code_gen_ipgen_StreamingFIFO_rtl_4_tg3fq0lj/StreamingFIFO_rtl_4.v'.
CRITICAL WARNING: [Project 1-311] Could not find the file '/home/robotics/Documents/bharat-ai-soc-student-challenge/New_Train/new_res_brevitas/finn/finn_zybo_project/output_hardware/code_gen_ipgen_StreamingDataWidthConverter_rtl_1_rx16jc3l/dwc_axi.sv', nor could it be found using path '/tmp/finn_build_temp/code_gen_ipgen_StreamingDataWidthConverter_rtl_1_rx16jc3l/dwc_axi.sv'.
CRITICAL WARNING: [Project 1-311] Could not find the file '/home/robotics/Documents/bharat-ai-soc-student-challenge/New_Train/new_res_brevitas/finn/finn_zybo_project/output_hardware/code_gen_ipgen_StreamingDataWidthConverter_rtl_1_rx16jc3l/dwc.sv', nor could it be found using path '/tmp/finn_build_temp/code_gen_ipgen_StreamingDataWidthConverter_rtl_1_rx16jc3l/dwc.sv'.
CRITICAL WARNING: [Project 1-311] Could not find the file '/home/robotics/Documents/bharat-ai-soc-student-challenge/New_Train/new_res_brevitas/finn/finn_zybo_project/output_hardware/code_gen_ipgen_StreamingDataWidthConverter_rtl_1_rx16jc3l/StreamingDataWidthConverter_rtl_1.v', nor could it be found using path '/tmp/finn_build_temp/code_gen_ipgen_StreamingDataWidthConverter_rtl_1_rx16jc3l/StreamingDataWidthConverter_rtl_1.v'.
CRITICAL WARNING: [Project 1-311] Could not find the file '/home/robotics/Documents/bharat-ai-soc-student-challenge/New_Train/new_res_brevitas/finn/finn_zybo_project/output_hardware/code_gen_ipgen_StreamingFIFO_rtl_5_jscpcr7l/Q_srl.v', nor could it be found using path '/tmp/finn_build_temp/code_gen_ipgen_StreamingFIFO_rtl_5_jscpcr7l/Q_srl.v'.
CRITICAL WARNING: [Project 1-311] Could not find the file '/home/robotics/Documents/bharat-ai-soc-student-challenge/New_Train/new_res_brevitas/finn/finn_zybo_project/output_hardware/code_gen_ipgen_StreamingFIFO_rtl_5_jscpcr7l/StreamingFIFO_rtl_5.v', nor could it be found using path '/tmp/finn_build_temp/code_gen_ipgen_StreamingFIFO_rtl_5_jscpcr7l/StreamingFIFO_rtl_5.v'.
CRITICAL WARNING: [Project 1-311] Could not find the file '/home/robotics/Documents/bharat-ai-soc-student-challenge/New_Train/new_res_brevitas/finn/finn_zybo_project/output_hardware/code_gen_ipgen_StreamingFIFO_rtl_6_c3m5pyyr/Q_srl.v', nor could it be found using path '/tmp/finn_build_temp/code_gen_ipgen_StreamingFIFO_rtl_6_c3m5pyyr/Q_srl.v'.
CRITICAL WARNING: [Project 1-311] Could not find the file '/home/robotics/Documents/bharat-ai-soc-student-challenge/New_Train/new_res_brevitas/finn/finn_zybo_project/output_hardware/code_gen_ipgen_StreamingFIFO_rtl_6_c3m5pyyr/StreamingFIFO_rtl_6.v', nor could it be found using path '/tmp/finn_build_temp/code_gen_ipgen_StreamingFIFO_rtl_6_c3m5pyyr/StreamingFIFO_rtl_6.v'.
CRITICAL WARNING: [Project 1-311] Could not find the file '/home/robotics/Documents/bharat-ai-soc-student-challenge/New_Train/new_res_brevitas/finn/finn_zybo_project/output_hardware/code_gen_ipgen_FMPadding_rtl_1_b8xjfpwf/fmpadding_axi.sv', nor could it be found using path '/tmp/finn_build_temp/code_gen_ipgen_FMPadding_rtl_1_b8xjfpwf/fmpadding_axi.sv'.
CRITICAL WARNING: [Project 1-311] Could not find the file '/home/robotics/Documents/bharat-ai-soc-student-challenge/New_Train/new_res_brevitas/finn/finn_zybo_project/output_hardware/code_gen_ipgen_FMPadding_rtl_1_b8xjfpwf/fmpadding.sv', nor could it be found using path '/tmp/finn_build_temp/code_gen_ipgen_FMPadding_rtl_1_b8xjfpwf/fmpadding.sv'.
CRITICAL WARNING: [Project 1-311] Could not find the file '/home/robotics/Documents/bharat-ai-soc-student-challenge/New_Train/new_res_brevitas/finn/finn_zybo_project/output_hardware/code_gen_ipgen_FMPadding_rtl_1_b8xjfpwf/axi2we.sv', nor could it be found using path '/tmp/finn_build_temp/code_gen_ipgen_FMPadding_rtl_1_b8xjfpwf/axi2we.sv'.
CRITICAL WARNING: [Project 1-311] Could not find the file '/home/robotics/Documents/bharat-ai-soc-student-challenge/New_Train/new_res_brevitas/finn/finn_zybo_project/output_hardware/code_gen_ipgen_FMPadding_rtl_1_b8xjfpwf/FMPadding_rtl_1.v', nor could it be found using path '/tmp/finn_build_temp/code_gen_ipgen_FMPadding_rtl_1_b8xjfpwf/FMPadding_rtl_1.v'.
CRITICAL WARNING: [Project 1-311] Could not find the file '/home/robotics/Documents/bharat-ai-soc-student-challenge/New_Train/new_res_brevitas/finn/finn_zybo_project/output_hardware/code_gen_ipgen_StreamingFIFO_rtl_7_91tqdnz3/Q_srl.v', nor could it be found using path '/tmp/finn_build_temp/code_gen_ipgen_StreamingFIFO_rtl_7_91tqdnz3/Q_srl.v'.
CRITICAL WARNING: [Project 1-311] Could not find the file '/home/robotics/Documents/bharat-ai-soc-student-challenge/New_Train/new_res_brevitas/finn/finn_zybo_project/output_hardware/code_gen_ipgen_StreamingFIFO_rtl_7_91tqdnz3/StreamingFIFO_rtl_7.v', nor could it be found using path '/tmp/finn_build_temp/code_gen_ipgen_StreamingFIFO_rtl_7_91tqdnz3/StreamingFIFO_rtl_7.v'.
CRITICAL WARNING: [Project 1-311] Could not find the file '/home/robotics/Documents/bharat-ai-soc-student-challenge/New_Train/new_res_brevitas/finn/finn_zybo_project/output_hardware/code_gen_ipgen_StreamingDataWidthConverter_rtl_2_unoej2n1/dwc_axi.sv', nor could it be found using path '/tmp/finn_build_temp/code_gen_ipgen_StreamingDataWidthConverter_rtl_2_unoej2n1/dwc_axi.sv'.
CRITICAL WARNING: [Project 1-311] Could not find the file '/home/robotics/Documents/bharat-ai-soc-student-challenge/New_Train/new_res_brevitas/finn/finn_zybo_project/output_hardware/code_gen_ipgen_StreamingDataWidthConverter_rtl_2_unoej2n1/dwc.sv', nor could it be found using path '/tmp/finn_build_temp/code_gen_ipgen_StreamingDataWidthConverter_rtl_2_unoej2n1/dwc.sv'.
CRITICAL WARNING: [Project 1-311] Could not find the file '/home/robotics/Documents/bharat-ai-soc-student-challenge/New_Train/new_res_brevitas/finn/finn_zybo_project/output_hardware/code_gen_ipgen_StreamingDataWidthConverter_rtl_2_unoej2n1/StreamingDataWidthConverter_rtl_2.v', nor could it be found using path '/tmp/finn_build_temp/code_gen_ipgen_StreamingDataWidthConverter_rtl_2_unoej2n1/StreamingDataWidthConverter_rtl_2.v'.
CRITICAL WARNING: [Project 1-311] Could not find the file '/home/robotics/Documents/bharat-ai-soc-student-challenge/New_Train/new_res_brevitas/finn/finn_zybo_project/output_hardware/code_gen_ipgen_ConvolutionInputGenerator_rtl_1_z4o8kewb/swg_pkg.sv', nor could it be found using path '/tmp/finn_build_temp/code_gen_ipgen_ConvolutionInputGenerator_rtl_1_z4o8kewb/swg_pkg.sv'.
CRITICAL WARNING: [Project 1-311] Could not find the file '/home/robotics/Documents/bharat-ai-soc-student-challenge/New_Train/new_res_brevitas/finn/finn_zybo_project/output_hardware/code_gen_ipgen_ConvolutionInputGenerator_rtl_1_z4o8kewb/ConvolutionInputGenerator_rtl_1_wrapper.v', nor could it be found using path '/tmp/finn_build_temp/code_gen_ipgen_ConvolutionInputGenerator_rtl_1_z4o8kewb/ConvolutionInputGenerator_rtl_1_wrapper.v'.
CRITICAL WARNING: [Project 1-311] Could not find the file '/home/robotics/Documents/bharat-ai-soc-student-challenge/New_Train/new_res_brevitas/finn/finn_zybo_project/output_hardware/code_gen_ipgen_ConvolutionInputGenerator_rtl_1_z4o8kewb/ConvolutionInputGenerator_rtl_1_impl.sv', nor could it be found using path '/tmp/finn_build_temp/code_gen_ipgen_ConvolutionInputGenerator_rtl_1_z4o8kewb/ConvolutionInputGenerator_rtl_1_impl.sv'.
CRITICAL WARNING: [Project 1-311] Could not find the file '/home/robotics/Documents/bharat-ai-soc-student-challenge/New_Train/new_res_brevitas/finn/finn_zybo_project/output_hardware/code_gen_ipgen_ConvolutionInputGenerator_rtl_1_z4o8kewb/swg_common.sv', nor could it be found using path '/tmp/finn_build_temp/code_gen_ipgen_ConvolutionInputGenerator_rtl_1_z4o8kewb/swg_common.sv'.
CRITICAL WARNING: [Project 1-311] Could not find the file '/home/robotics/Documents/bharat-ai-soc-student-challenge/New_Train/new_res_brevitas/finn/finn_zybo_project/output_hardware/code_gen_ipgen_StreamingFIFO_rtl_10_pbbv408u/Q_srl.v', nor could it be found using path '/tmp/finn_build_temp/code_gen_ipgen_StreamingFIFO_rtl_10_pbbv408u/Q_srl.v'.
CRITICAL WARNING: [Project 1-311] Could not find the file '/home/robotics/Documents/bharat-ai-soc-student-challenge/New_Train/new_res_brevitas/finn/finn_zybo_project/output_hardware/code_gen_ipgen_StreamingFIFO_rtl_10_pbbv408u/StreamingFIFO_rtl_10.v', nor could it be found using path '/tmp/finn_build_temp/code_gen_ipgen_StreamingFIFO_rtl_10_pbbv408u/StreamingFIFO_rtl_10.v'.
CRITICAL WARNING: [Project 1-311] Could not find the file '/home/robotics/Documents/bharat-ai-soc-student-challenge/New_Train/new_res_brevitas/finn/finn_zybo_project/output_hardware/code_gen_ipgen_StreamingDataWidthConverter_rtl_3_7zgrws2n/dwc_axi.sv', nor could it be found using path '/tmp/finn_build_temp/code_gen_ipgen_StreamingDataWidthConverter_rtl_3_7zgrws2n/dwc_axi.sv'.
CRITICAL WARNING: [Project 1-311] Could not find the file '/home/robotics/Documents/bharat-ai-soc-student-challenge/New_Train/new_res_brevitas/finn/finn_zybo_project/output_hardware/code_gen_ipgen_StreamingDataWidthConverter_rtl_3_7zgrws2n/dwc.sv', nor could it be found using path '/tmp/finn_build_temp/code_gen_ipgen_StreamingDataWidthConverter_rtl_3_7zgrws2n/dwc.sv'.
CRITICAL WARNING: [Project 1-311] Could not find the file '/home/robotics/Documents/bharat-ai-soc-student-challenge/New_Train/new_res_brevitas/finn/finn_zybo_project/output_hardware/code_gen_ipgen_StreamingDataWidthConverter_rtl_3_7zgrws2n/StreamingDataWidthConverter_rtl_3.v', nor could it be found using path '/tmp/finn_build_temp/code_gen_ipgen_StreamingDataWidthConverter_rtl_3_7zgrws2n/StreamingDataWidthConverter_rtl_3.v'.
CRITICAL WARNING: [Project 1-311] Could not find the file '/home/robotics/Documents/bharat-ai-soc-student-challenge/New_Train/new_res_brevitas/finn/finn_zybo_project/output_hardware/code_gen_ipgen_StreamingFIFO_rtl_11_kgupmulb/Q_srl.v', nor could it be found using path '/tmp/finn_build_temp/code_gen_ipgen_StreamingFIFO_rtl_11_kgupmulb/Q_srl.v'.
CRITICAL WARNING: [Project 1-311] Could not find the file '/home/robotics/Documents/bharat-ai-soc-student-challenge/New_Train/new_res_brevitas/finn/finn_zybo_project/output_hardware/code_gen_ipgen_StreamingFIFO_rtl_11_kgupmulb/StreamingFIFO_rtl_11.v', nor could it be found using path '/tmp/finn_build_temp/code_gen_ipgen_StreamingFIFO_rtl_11_kgupmulb/StreamingFIFO_rtl_11.v'.
CRITICAL WARNING: [Project 1-311] Could not find the file '/home/robotics/Documents/bharat-ai-soc-student-challenge/New_Train/new_res_brevitas/finn/finn_zybo_project/output_hardware/code_gen_ipgen_StreamingFIFO_rtl_12_4fduznwj/Q_srl.v', nor could it be found using path '/tmp/finn_build_temp/code_gen_ipgen_StreamingFIFO_rtl_12_4fduznwj/Q_srl.v'.
CRITICAL WARNING: [Project 1-311] Could not find the file '/home/robotics/Documents/bharat-ai-soc-student-challenge/New_Train/new_res_brevitas/finn/finn_zybo_project/output_hardware/code_gen_ipgen_StreamingFIFO_rtl_12_4fduznwj/StreamingFIFO_rtl_12.v', nor could it be found using path '/tmp/finn_build_temp/code_gen_ipgen_StreamingFIFO_rtl_12_4fduznwj/StreamingFIFO_rtl_12.v'.
CRITICAL WARNING: [Project 1-311] Could not find the file '/home/robotics/Documents/bharat-ai-soc-student-challenge/New_Train/new_res_brevitas/finn/finn_zybo_project/output_hardware/code_gen_ipgen_StreamingDataWidthConverter_rtl_4_p21vizja/dwc_axi.sv', nor could it be found using path '/tmp/finn_build_temp/code_gen_ipgen_StreamingDataWidthConverter_rtl_4_p21vizja/dwc_axi.sv'.
CRITICAL WARNING: [Project 1-311] Could not find the file '/home/robotics/Documents/bharat-ai-soc-student-challenge/New_Train/new_res_brevitas/finn/finn_zybo_project/output_hardware/code_gen_ipgen_StreamingDataWidthConverter_rtl_4_p21vizja/dwc.sv', nor could it be found using path '/tmp/finn_build_temp/code_gen_ipgen_StreamingDataWidthConverter_rtl_4_p21vizja/dwc.sv'.
CRITICAL WARNING: [Project 1-311] Could not find the file '/home/robotics/Documents/bharat-ai-soc-student-challenge/New_Train/new_res_brevitas/finn/finn_zybo_project/output_hardware/code_gen_ipgen_StreamingDataWidthConverter_rtl_4_p21vizja/StreamingDataWidthConverter_rtl_4.v', nor could it be found using path '/tmp/finn_build_temp/code_gen_ipgen_StreamingDataWidthConverter_rtl_4_p21vizja/StreamingDataWidthConverter_rtl_4.v'.
CRITICAL WARNING: [Project 1-311] Could not find the file '/home/robotics/Documents/bharat-ai-soc-student-challenge/New_Train/new_res_brevitas/finn/finn_zybo_project/output_hardware/code_gen_ipgen_StreamingFIFO_rtl_13_7y9hiqg2/Q_srl.v', nor could it be found using path '/tmp/finn_build_temp/code_gen_ipgen_StreamingFIFO_rtl_13_7y9hiqg2/Q_srl.v'.
CRITICAL WARNING: [Project 1-311] Could not find the file '/home/robotics/Documents/bharat-ai-soc-student-challenge/New_Train/new_res_brevitas/finn/finn_zybo_project/output_hardware/code_gen_ipgen_StreamingFIFO_rtl_13_7y9hiqg2/StreamingFIFO_rtl_13.v', nor could it be found using path '/tmp/finn_build_temp/code_gen_ipgen_StreamingFIFO_rtl_13_7y9hiqg2/StreamingFIFO_rtl_13.v'.
CRITICAL WARNING: [Project 1-311] Could not find the file '/home/robotics/Documents/bharat-ai-soc-student-challenge/New_Train/new_res_brevitas/finn/finn_zybo_project/output_hardware/code_gen_ipgen_MVAU_rtl_0_bqbp8ror/MVAU_rtl_0_wrapper.v', nor could it be found using path '/tmp/finn_build_temp/code_gen_ipgen_MVAU_rtl_0_bqbp8ror/MVAU_rtl_0_wrapper.v'.
WARNING: [Project 1-312] File not found as '/home/robotics/Documents/bharat-ai-soc-student-challenge/New_Train/new_res_brevitas/finn/home/robotics/Documents/bharat-ai-soc-student-challenge/New_Train/new_res_brevitas/finn/finn-rtllib/mvu/mvu_vvu_axi.sv'; using path '/home/robotics/Documents/bharat-ai-soc-student-challenge/New_Train/new_res_brevitas/finn/finn-rtllib/mvu/mvu_vvu_axi.sv' instead.
WARNING: [Project 1-312] File not found as '/home/robotics/Documents/bharat-ai-soc-student-challenge/New_Train/new_res_brevitas/finn/home/robotics/Documents/bharat-ai-soc-student-challenge/New_Train/new_res_brevitas/finn/finn-rtllib/mvu/replay_buffer.sv'; using path '/home/robotics/Documents/bharat-ai-soc-student-challenge/New_Train/new_res_brevitas/finn/finn-rtllib/mvu/replay_buffer.sv' instead.
WARNING: [Project 1-312] File not found as '/home/robotics/Documents/bharat-ai-soc-student-challenge/New_Train/new_res_brevitas/finn/home/robotics/Documents/bharat-ai-soc-student-challenge/New_Train/new_res_brevitas/finn/finn-rtllib/mvu/mvu_4sx4u.sv'; using path '/home/robotics/Documents/bharat-ai-soc-student-challenge/New_Train/new_res_brevitas/finn/finn-rtllib/mvu/mvu_4sx4u.sv' instead.
WARNING: [Project 1-312] File not found as '/home/robotics/Documents/bharat-ai-soc-student-challenge/New_Train/new_res_brevitas/finn/home/robotics/Documents/bharat-ai-soc-student-challenge/New_Train/new_res_brevitas/finn/finn-rtllib/mvu/mvu_vvu_8sx9_dsp58.sv'; using path '/home/robotics/Documents/bharat-ai-soc-student-challenge/New_Train/new_res_brevitas/finn/finn-rtllib/mvu/mvu_vvu_8sx9_dsp58.sv' instead.
WARNING: [Project 1-312] File not found as '/home/robotics/Documents/bharat-ai-soc-student-challenge/New_Train/new_res_brevitas/finn/home/robotics/Documents/bharat-ai-soc-student-challenge/New_Train/new_res_brevitas/finn/finn-rtllib/mvu/mvu_8sx8u_dsp48.sv'; using path '/home/robotics/Documents/bharat-ai-soc-student-challenge/New_Train/new_res_brevitas/finn/finn-rtllib/mvu/mvu_8sx8u_dsp48.sv' instead.
CRITICAL WARNING: [Project 1-311] Could not find the file '/home/robotics/Documents/bharat-ai-soc-student-challenge/New_Train/new_res_brevitas/finn/finn_zybo_project/output_hardware/code_gen_ipgen_StreamingFIFO_rtl_14_fbo0yhkd/Q_srl.v', nor could it be found using path '/tmp/finn_build_temp/code_gen_ipgen_StreamingFIFO_rtl_14_fbo0yhkd/Q_srl.v'.
CRITICAL WARNING: [Project 1-311] Could not find the file '/home/robotics/Documents/bharat-ai-soc-student-challenge/New_Train/new_res_brevitas/finn/finn_zybo_project/output_hardware/code_gen_ipgen_StreamingFIFO_rtl_14_fbo0yhkd/StreamingFIFO_rtl_14.v', nor could it be found using path '/tmp/finn_build_temp/code_gen_ipgen_StreamingFIFO_rtl_14_fbo0yhkd/StreamingFIFO_rtl_14.v'.
Scanning sources...
Finished scanning sources
INFO: [Project 1-1877] Auto incremental dir location '/home/robotics/Documents/bharat-ai-soc-student-challenge/New_Train/new_res_brevitas/finn/finn_zybo_project/output_hardware/stitched_ip/finn_vivado_stitch_proj.srcs/utils_1/imports/synth_1' of run 'synth_1' is not writable, setting it to default location '/home/robotics/Documents/bharat-ai-soc-student-challenge/New_Train/new_res_brevitas/finn/finn_zybo_project/output_hardware/stitched_ip/finn_vivado_stitch_proj.srcs/utils_1/imports/synth_1'.
INFO: [Project 1-1877] Auto incremental dir location '/home/robotics/Documents/bharat-ai-soc-student-challenge/New_Train/new_res_brevitas/finn/finn_zybo_project/output_hardware/stitched_ip/finn_vivado_stitch_proj.srcs/utils_1/imports/synth_1' of run 'synth_1' is not writable, setting it to default location '/home/robotics/Documents/bharat-ai-soc-student-challenge/New_Train/new_res_brevitas/finn/finn_zybo_project/output_hardware/stitched_ip/finn_vivado_stitch_proj.srcs/utils_1/imports/synth_1'.
INFO: [Project 1-1877] Auto incremental dir location '/home/robotics/Documents/bharat-ai-soc-student-challenge/New_Train/new_res_brevitas/finn/finn_zybo_project/output_hardware/stitched_ip/finn_vivado_stitch_proj.srcs/utils_1/imports/impl_1' of run 'impl_1' is not writable, setting it to default location '/home/robotics/Documents/bharat-ai-soc-student-challenge/New_Train/new_res_brevitas/finn/finn_zybo_project/output_hardware/stitched_ip/finn_vivado_stitch_proj.srcs/utils_1/imports/impl_1'.
INFO: [Project 1-1877] Auto incremental dir location '/home/robotics/Documents/bharat-ai-soc-student-challenge/New_Train/new_res_brevitas/finn/finn_zybo_project/output_hardware/stitched_ip/finn_vivado_stitch_proj.srcs/utils_1/imports/impl_1' of run 'impl_1' is not writable, setting it to default location '/home/robotics/Documents/bharat-ai-soc-student-challenge/New_Train/new_res_brevitas/finn/finn_zybo_project/output_hardware/stitched_ip/finn_vivado_stitch_proj.srcs/utils_1/imports/impl_1'.
INFO: [IP_Flow 19-234] Refreshing IP repositories
INFO: [IP_Flow 19-1700] Loaded user IP repository '/home/robotics/Documents/bharat-ai-soc-student-challenge/New_Train/new_res_brevitas/finn/finn-rtllib/memstream'.
WARNING: [IP_Flow 19-2248] Failed to load user IP repository '/home/robotics/Documents/bharat-ai-soc-student-challenge/New_Train/new_res_brevitas/finn/finn_zybo_project/output_hardware/code_gen_ipgen_StreamingFIFO_rtl_0_5fgk3b0m'; Can't find the specified path.
If this directory should no longer be in your list of user repositories, go to the IP Settings dialog and remove it.
WARNING: [IP_Flow 19-2248] Failed to load user IP repository '/home/robotics/Documents/bharat-ai-soc-student-challenge/New_Train/new_res_brevitas/finn/finn_zybo_project/output_hardware/code_gen_ipgen_FMPadding_rtl_0_2_eluc6w'; Can't find the specified path.
If this directory should no longer be in your list of user repositories, go to the IP Settings dialog and remove it.
WARNING: [IP_Flow 19-2248] Failed to load user IP repository '/home/robotics/Documents/bharat-ai-soc-student-challenge/New_Train/new_res_brevitas/finn/finn_zybo_project/output_hardware/code_gen_ipgen_StreamingFIFO_rtl_1_btul5lb1'; Can't find the specified path.
If this directory should no longer be in your list of user repositories, go to the IP Settings dialog and remove it.
WARNING: [IP_Flow 19-2248] Failed to load user IP repository '/home/robotics/Documents/bharat-ai-soc-student-challenge/New_Train/new_res_brevitas/finn/finn_zybo_project/output_hardware/code_gen_ipgen_StreamingDataWidthConverter_rtl_0_bsubnyo7'; Can't find the specified path.
If this directory should no longer be in your list of user repositories, go to the IP Settings dialog and remove it.
WARNING: [IP_Flow 19-2248] Failed to load user IP repository '/home/robotics/Documents/bharat-ai-soc-student-challenge/New_Train/new_res_brevitas/finn/finn_zybo_project/output_hardware/code_gen_ipgen_StreamingFIFO_rtl_2_n83wlczx'; Can't find the specified path.
If this directory should no longer be in your list of user repositories, go to the IP Settings dialog and remove it.
WARNING: [IP_Flow 19-2248] Failed to load user IP repository '/home/robotics/Documents/bharat-ai-soc-student-challenge/New_Train/new_res_brevitas/finn/finn_zybo_project/output_hardware/code_gen_ipgen_ConvolutionInputGenerator_rtl_0_u0kafh78'; Can't find the specified path.
If this directory should no longer be in your list of user repositories, go to the IP Settings dialog and remove it.
WARNING: [IP_Flow 19-2248] Failed to load user IP repository '/home/robotics/Documents/bharat-ai-soc-student-challenge/New_Train/new_res_brevitas/finn/finn_zybo_project/output_hardware/code_gen_ipgen_StreamingFIFO_rtl_3_yza_nuyj'; Can't find the specified path.
If this directory should no longer be in your list of user repositories, go to the IP Settings dialog and remove it.
WARNING: [IP_Flow 19-2248] Failed to load user IP repository '/home/robotics/Documents/bharat-ai-soc-student-challenge/New_Train/new_res_brevitas/finn/finn_zybo_project/output_hardware/code_gen_ipgen_MVAU_hls_0_abe2epdn/project_MVAU_hls_0/sol1/impl/ip'; Can't find the specified path.
If this directory should no longer be in your list of user repositories, go to the IP Settings dialog and remove it.
WARNING: [IP_Flow 19-2248] Failed to load user IP repository '/home/robotics/Documents/bharat-ai-soc-student-challenge/New_Train/new_res_brevitas/finn/finn_zybo_project/output_hardware/code_gen_ipgen_StreamingFIFO_rtl_4_tg3fq0lj'; Can't find the specified path.
If this directory should no longer be in your list of user repositories, go to the IP Settings dialog and remove it.
WARNING: [IP_Flow 19-2248] Failed to load user IP repository '/home/robotics/Documents/bharat-ai-soc-student-challenge/New_Train/new_res_brevitas/finn/finn_zybo_project/output_hardware/code_gen_ipgen_StreamingDataWidthConverter_rtl_1_rx16jc3l'; Can't find the specified path.
If this directory should no longer be in your list of user repositories, go to the IP Settings dialog and remove it.
WARNING: [IP_Flow 19-2248] Failed to load user IP repository '/home/robotics/Documents/bharat-ai-soc-student-challenge/New_Train/new_res_brevitas/finn/finn_zybo_project/output_hardware/code_gen_ipgen_StreamingFIFO_rtl_5_jscpcr7l'; Can't find the specified path.
If this directory should no longer be in your list of user repositories, go to the IP Settings dialog and remove it.
WARNING: [IP_Flow 19-2248] Failed to load user IP repository '/home/robotics/Documents/bharat-ai-soc-student-challenge/New_Train/new_res_brevitas/finn/finn_zybo_project/output_hardware/code_gen_ipgen_StreamingMaxPool_hls_0_3742g_zy/project_StreamingMaxPool_hls_0/sol1/impl/ip'; Can't find the specified path.
If this directory should no longer be in your list of user repositories, go to the IP Settings dialog and remove it.
WARNING: [IP_Flow 19-2248] Failed to load user IP repository '/home/robotics/Documents/bharat-ai-soc-student-challenge/New_Train/new_res_brevitas/finn/finn_zybo_project/output_hardware/code_gen_ipgen_StreamingFIFO_rtl_6_c3m5pyyr'; Can't find the specified path.
If this directory should no longer be in your list of user repositories, go to the IP Settings dialog and remove it.
WARNING: [IP_Flow 19-2248] Failed to load user IP repository '/home/robotics/Documents/bharat-ai-soc-student-challenge/New_Train/new_res_brevitas/finn/finn_zybo_project/output_hardware/code_gen_ipgen_FMPadding_rtl_1_b8xjfpwf'; Can't find the specified path.
If this directory should no longer be in your list of user repositories, go to the IP Settings dialog and remove it.
WARNING: [IP_Flow 19-2248] Failed to load user IP repository '/home/robotics/Documents/bharat-ai-soc-student-challenge/New_Train/new_res_brevitas/finn/finn_zybo_project/output_hardware/code_gen_ipgen_StreamingFIFO_rtl_7_91tqdnz3'; Can't find the specified path.
If this directory should no longer be in your list of user repositories, go to the IP Settings dialog and remove it.
WARNING: [IP_Flow 19-2248] Failed to load user IP repository '/home/robotics/Documents/bharat-ai-soc-student-challenge/New_Train/new_res_brevitas/finn/finn_zybo_project/output_hardware/code_gen_ipgen_StreamingDataWidthConverter_rtl_2_unoej2n1'; Can't find the specified path.
If this directory should no longer be in your list of user repositories, go to the IP Settings dialog and remove it.
WARNING: [IP_Flow 19-2248] Failed to load user IP repository '/home/robotics/Documents/bharat-ai-soc-student-challenge/New_Train/new_res_brevitas/finn/finn_zybo_project/output_hardware/code_gen_ipgen_StreamingFIFO_rtl_8_jp58tokm'; Can't find the specified path.
If this directory should no longer be in your list of user repositories, go to the IP Settings dialog and remove it.
WARNING: [IP_Flow 19-2248] Failed to load user IP repository '/home/robotics/Documents/bharat-ai-soc-student-challenge/New_Train/new_res_brevitas/finn/finn_zybo_project/output_hardware/code_gen_ipgen_ConvolutionInputGenerator_rtl_1_z4o8kewb'; Can't find the specified path.
If this directory should no longer be in your list of user repositories, go to the IP Settings dialog and remove it.
WARNING: [IP_Flow 19-2248] Failed to load user IP repository '/home/robotics/Documents/bharat-ai-soc-student-challenge/New_Train/new_res_brevitas/finn/finn_zybo_project/output_hardware/code_gen_ipgen_StreamingFIFO_rtl_9_pxchce00'; Can't find the specified path.
If this directory should no longer be in your list of user repositories, go to the IP Settings dialog and remove it.
WARNING: [IP_Flow 19-2248] Failed to load user IP repository '/home/robotics/Documents/bharat-ai-soc-student-challenge/New_Train/new_res_brevitas/finn/finn_zybo_project/output_hardware/code_gen_ipgen_MVAU_hls_1_c3fojq2h/project_MVAU_hls_1/sol1/impl/ip'; Can't find the specified path.
If this directory should no longer be in your list of user repositories, go to the IP Settings dialog and remove it.
WARNING: [IP_Flow 19-2248] Failed to load user IP repository '/home/robotics/Documents/bharat-ai-soc-student-challenge/New_Train/new_res_brevitas/finn/finn_zybo_project/output_hardware/code_gen_ipgen_StreamingFIFO_rtl_10_pbbv408u'; Can't find the specified path.
If this directory should no longer be in your list of user repositories, go to the IP Settings dialog and remove it.
WARNING: [IP_Flow 19-2248] Failed to load user IP repository '/home/robotics/Documents/bharat-ai-soc-student-challenge/New_Train/new_res_brevitas/finn/finn_zybo_project/output_hardware/code_gen_ipgen_StreamingDataWidthConverter_rtl_3_7zgrws2n'; Can't find the specified path.
If this directory should no longer be in your list of user repositories, go to the IP Settings dialog and remove it.
WARNING: [IP_Flow 19-2248] Failed to load user IP repository '/home/robotics/Documents/bharat-ai-soc-student-challenge/New_Train/new_res_brevitas/finn/finn_zybo_project/output_hardware/code_gen_ipgen_StreamingFIFO_rtl_11_kgupmulb'; Can't find the specified path.
If this directory should no longer be in your list of user repositories, go to the IP Settings dialog and remove it.
WARNING: [IP_Flow 19-2248] Failed to load user IP repository '/home/robotics/Documents/bharat-ai-soc-student-challenge/New_Train/new_res_brevitas/finn/finn_zybo_project/output_hardware/code_gen_ipgen_StreamingMaxPool_hls_1_j0gy4fl3/project_StreamingMaxPool_hls_1/sol1/impl/ip'; Can't find the specified path.
If this directory should no longer be in your list of user repositories, go to the IP Settings dialog and remove it.
WARNING: [IP_Flow 19-2248] Failed to load user IP repository '/home/robotics/Documents/bharat-ai-soc-student-challenge/New_Train/new_res_brevitas/finn/finn_zybo_project/output_hardware/code_gen_ipgen_StreamingFIFO_rtl_12_4fduznwj'; Can't find the specified path.
If this directory should no longer be in your list of user repositories, go to the IP Settings dialog and remove it.
WARNING: [IP_Flow 19-2248] Failed to load user IP repository '/home/robotics/Documents/bharat-ai-soc-student-challenge/New_Train/new_res_brevitas/finn/finn_zybo_project/output_hardware/code_gen_ipgen_StreamingDataWidthConverter_rtl_4_p21vizja'; Can't find the specified path.
If this directory should no longer be in your list of user repositories, go to the IP Settings dialog and remove it.
WARNING: [IP_Flow 19-2248] Failed to load user IP repository '/home/robotics/Documents/bharat-ai-soc-student-challenge/New_Train/new_res_brevitas/finn/finn_zybo_project/output_hardware/code_gen_ipgen_StreamingFIFO_rtl_13_7y9hiqg2'; Can't find the specified path.
If this directory should no longer be in your list of user repositories, go to the IP Settings dialog and remove it.
WARNING: [IP_Flow 19-2248] Failed to load user IP repository '/home/robotics/Documents/bharat-ai-soc-student-challenge/New_Train/new_res_brevitas/finn/finn_zybo_project/output_hardware/code_gen_ipgen_MVAU_rtl_0_bqbp8ror'; Can't find the specified path.
If this directory should no longer be in your list of user repositories, go to the IP Settings dialog and remove it.
WARNING: [IP_Flow 19-2248] Failed to load user IP repository '/home/robotics/Documents/bharat-ai-soc-student-challenge/New_Train/new_res_brevitas/finn/finn_zybo_project/output_hardware/code_gen_ipgen_StreamingFIFO_rtl_14_fbo0yhkd'; Can't find the specified path.
If this directory should no longer be in your list of user repositories, go to the IP Settings dialog and remove it.
INFO: [IP_Flow 19-2313] Loaded Vivado IP repository '/tools/Xilinx/Vivado/2022.2/data/ip'.
WARNING: [BD 41-1663] The design 'finn_design.bd' cannot be modified due to following reason(s):
* Block design BD file is read-only. Please check file-permissions. 
* Block design BD file is remote and the .gen output directory of this BD file is read-only. Please check file/dir-permissions. 
* Project is read-only. Please run 'save_project_as' before making any change to the bd-design. 

WARNING: [BD 41-1661] One or more IPs have been locked in the design 'finn_design.bd'. Please run report_ip_status for more details and recommendations on how to fix this issue.
List of locked IPs:
finn_design_StreamingMaxPool_hls_1_0
finn_design_MVAU_rtl_0_wstrm_0
finn_design_MVAU_hls_0_0
finn_design_fifo_0
finn_design_fifo_1
finn_design_MVAU_hls_0_wstrm_0
finn_design_StreamingMaxPool_hls_0_0
finn_design_fifo_3
finn_design_fifo_4
finn_design_fifo_2
finn_design_MVAU_hls_1_0
finn_design_MVAU_hls_1_wstrm_0

update_compile_order -fileset sources_1
open_bd_design {/home/robotics/Documents/bharat-ai-soc-student-challenge/New_Train/new_res_brevitas/finn/finn_zybo_project/output_hardware/stitched_ip/finn_vivado_stitch_proj.srcs/sources_1/bd/finn_design/finn_design.bd}
Reading block design file </home/robotics/Documents/bharat-ai-soc-student-challenge/New_Train/new_res_brevitas/finn/finn_zybo_project/output_hardware/stitched_ip/finn_vivado_stitch_proj.srcs/sources_1/bd/finn_design/finn_design.bd>...
Adding component instance block -- xilinx.com:module_ref:StreamingFIFO_rtl_0:1.0 - StreamingFIFO_rtl_0
CRITICAL WARNING: [BD 41-1726] Unable to resolve module-source for block '/StreamingFIFO_rtl_0'.
Given inputs for module-source, Top-module name : StreamingFIFO_rtl_0, Module Type : RTL.
Please review and update or add design-sources to this project to resolve this module-reference.
Adding component instance block -- xilinx.com:module_ref:FMPadding_rtl_0:1.0 - FMPadding_rtl_0
CRITICAL WARNING: [BD 41-1726] Unable to resolve module-source for block '/FMPadding_rtl_0'.
Given inputs for module-source, Top-module name : FMPadding_rtl_0, Module Type : RTL.
Please review and update or add design-sources to this project to resolve this module-reference.
Adding component instance block -- xilinx.com:ip:axis_data_fifo:2.0 - fifo
Adding component instance block -- xilinx.com:module_ref:StreamingDataWidthConverter_rtl_0:1.0 - StreamingDataWidthConverter_rtl_0
CRITICAL WARNING: [BD 41-1726] Unable to resolve module-source for block '/StreamingDataWidthConverter_rtl_0'.
Given inputs for module-source, Top-module name : StreamingDataWidthConverter_rtl_0, Module Type : RTL.
Please review and update or add design-sources to this project to resolve this module-reference.
Adding component instance block -- xilinx.com:ip:axis_data_fifo:2.0 - fifo
Adding component instance block -- xilinx.com:module_ref:ConvolutionInputGenerator_rtl_0:1.0 - ConvolutionInputGenerator_rtl_0
CRITICAL WARNING: [BD 41-1726] Unable to resolve module-source for block '/ConvolutionInputGenerator_rtl_0'.
Given inputs for module-source, Top-module name : ConvolutionInputGenerator_rtl_0, Module Type : RTL.
Please review and update or add design-sources to this project to resolve this module-reference.
Adding component instance block -- xilinx.com:ip:axis_data_fifo:2.0 - fifo
Adding component instance block -- xilinx.com:hls:MVAU_hls_0:1.0 - MVAU_hls_0
Adding component instance block -- amd.com:finn:memstream:1.0 - MVAU_hls_0_wstrm
Adding component instance block -- xilinx.com:module_ref:StreamingFIFO_rtl_4:1.0 - StreamingFIFO_rtl_4
CRITICAL WARNING: [BD 41-1726] Unable to resolve module-source for block '/StreamingFIFO_rtl_4'.
Given inputs for module-source, Top-module name : StreamingFIFO_rtl_4, Module Type : RTL.
Please review and update or add design-sources to this project to resolve this module-reference.
Adding component instance block -- xilinx.com:module_ref:StreamingDataWidthConverter_rtl_1:1.0 - StreamingDataWidthConverter_rtl_1
CRITICAL WARNING: [BD 41-1726] Unable to resolve module-source for block '/StreamingDataWidthConverter_rtl_1'.
Given inputs for module-source, Top-module name : StreamingDataWidthConverter_rtl_1, Module Type : RTL.
Please review and update or add design-sources to this project to resolve this module-reference.
Adding component instance block -- xilinx.com:module_ref:StreamingFIFO_rtl_5:1.0 - StreamingFIFO_rtl_5
CRITICAL WARNING: [BD 41-1726] Unable to resolve module-source for block '/StreamingFIFO_rtl_5'.
Given inputs for module-source, Top-module name : StreamingFIFO_rtl_5, Module Type : RTL.
Please review and update or add design-sources to this project to resolve this module-reference.
Adding component instance block -- xilinx.com:hls:StreamingMaxPool_hls_0:1.0 - StreamingMaxPool_hls_0
Adding component instance block -- xilinx.com:module_ref:StreamingFIFO_rtl_6:1.0 - StreamingFIFO_rtl_6
CRITICAL WARNING: [BD 41-1726] Unable to resolve module-source for block '/StreamingFIFO_rtl_6'.
Given inputs for module-source, Top-module name : StreamingFIFO_rtl_6, Module Type : RTL.
Please review and update or add design-sources to this project to resolve this module-reference.
Adding component instance block -- xilinx.com:module_ref:FMPadding_rtl_1:1.0 - FMPadding_rtl_1
CRITICAL WARNING: [BD 41-1726] Unable to resolve module-source for block '/FMPadding_rtl_1'.
Given inputs for module-source, Top-module name : FMPadding_rtl_1, Module Type : RTL.
Please review and update or add design-sources to this project to resolve this module-reference.
Adding component instance block -- xilinx.com:module_ref:StreamingFIFO_rtl_7:1.0 - StreamingFIFO_rtl_7
CRITICAL WARNING: [BD 41-1726] Unable to resolve module-source for block '/StreamingFIFO_rtl_7'.
Given inputs for module-source, Top-module name : StreamingFIFO_rtl_7, Module Type : RTL.
Please review and update or add design-sources to this project to resolve this module-reference.
Adding component instance block -- xilinx.com:module_ref:StreamingDataWidthConverter_rtl_2:1.0 - StreamingDataWidthConverter_rtl_2
CRITICAL WARNING: [BD 41-1726] Unable to resolve module-source for block '/StreamingDataWidthConverter_rtl_2'.
Given inputs for module-source, Top-module name : StreamingDataWidthConverter_rtl_2, Module Type : RTL.
Please review and update or add design-sources to this project to resolve this module-reference.
Adding component instance block -- xilinx.com:ip:axis_data_fifo:2.0 - fifo
Adding component instance block -- xilinx.com:module_ref:ConvolutionInputGenerator_rtl_1:1.0 - ConvolutionInputGenerator_rtl_1
CRITICAL WARNING: [BD 41-1726] Unable to resolve module-source for block '/ConvolutionInputGenerator_rtl_1'.
Given inputs for module-source, Top-module name : ConvolutionInputGenerator_rtl_1, Module Type : RTL.
Please review and update or add design-sources to this project to resolve this module-reference.
Adding component instance block -- xilinx.com:ip:axis_data_fifo:2.0 - fifo
Adding component instance block -- xilinx.com:hls:MVAU_hls_1:1.0 - MVAU_hls_1
Adding component instance block -- amd.com:finn:memstream:1.0 - MVAU_hls_1_wstrm
Adding component instance block -- xilinx.com:module_ref:StreamingFIFO_rtl_10:1.0 - StreamingFIFO_rtl_10
CRITICAL WARNING: [BD 41-1726] Unable to resolve module-source for block '/StreamingFIFO_rtl_10'.
Given inputs for module-source, Top-module name : StreamingFIFO_rtl_10, Module Type : RTL.
Please review and update or add design-sources to this project to resolve this module-reference.
Adding component instance block -- xilinx.com:module_ref:StreamingDataWidthConverter_rtl_3:1.0 - StreamingDataWidthConverter_rtl_3
CRITICAL WARNING: [BD 41-1726] Unable to resolve module-source for block '/StreamingDataWidthConverter_rtl_3'.
Given inputs for module-source, Top-module name : StreamingDataWidthConverter_rtl_3, Module Type : RTL.
Please review and update or add design-sources to this project to resolve this module-reference.
Adding component instance block -- xilinx.com:module_ref:StreamingFIFO_rtl_11:1.0 - StreamingFIFO_rtl_11
CRITICAL WARNING: [BD 41-1726] Unable to resolve module-source for block '/StreamingFIFO_rtl_11'.
Given inputs for module-source, Top-module name : StreamingFIFO_rtl_11, Module Type : RTL.
Please review and update or add design-sources to this project to resolve this module-reference.
Adding component instance block -- xilinx.com:hls:StreamingMaxPool_hls_1:1.0 - StreamingMaxPool_hls_1
Adding component instance block -- xilinx.com:module_ref:StreamingFIFO_rtl_12:1.0 - StreamingFIFO_rtl_12
CRITICAL WARNING: [BD 41-1726] Unable to resolve module-source for block '/StreamingFIFO_rtl_12'.
Given inputs for module-source, Top-module name : StreamingFIFO_rtl_12, Module Type : RTL.
Please review and update or add design-sources to this project to resolve this module-reference.
Adding component instance block -- xilinx.com:module_ref:StreamingDataWidthConverter_rtl_4:1.0 - StreamingDataWidthConverter_rtl_4
CRITICAL WARNING: [BD 41-1726] Unable to resolve module-source for block '/StreamingDataWidthConverter_rtl_4'.
Given inputs for module-source, Top-module name : StreamingDataWidthConverter_rtl_4, Module Type : RTL.
Please review and update or add design-sources to this project to resolve this module-reference.
Adding component instance block -- xilinx.com:module_ref:StreamingFIFO_rtl_13:1.0 - StreamingFIFO_rtl_13
CRITICAL WARNING: [BD 41-1726] Unable to resolve module-source for block '/StreamingFIFO_rtl_13'.
Given inputs for module-source, Top-module name : StreamingFIFO_rtl_13, Module Type : RTL.
Please review and update or add design-sources to this project to resolve this module-reference.
Adding component instance block -- xilinx.com:module_ref:MVAU_rtl_0:1.0 - MVAU_rtl_0
CRITICAL WARNING: [BD 41-1726] Unable to resolve module-source for block '/MVAU_rtl_0/MVAU_rtl_0'.
Given inputs for module-source, Top-module name : MVAU_rtl_0, Module Type : RTL.
Please review and update or add design-sources to this project to resolve this module-reference.
Adding component instance block -- amd.com:finn:memstream:1.0 - MVAU_rtl_0_wstrm
Adding component instance block -- xilinx.com:module_ref:StreamingFIFO_rtl_14:1.0 - StreamingFIFO_rtl_14
CRITICAL WARNING: [BD 41-1726] Unable to resolve module-source for block '/StreamingFIFO_rtl_14'.
Given inputs for module-source, Top-module name : StreamingFIFO_rtl_14, Module Type : RTL.
Please review and update or add design-sources to this project to resolve this module-reference.
Successfully read diagram <finn_design> from block design file </home/robotics/Documents/bharat-ai-soc-student-challenge/New_Train/new_res_brevitas/finn/finn_zybo_project/output_hardware/stitched_ip/finn_vivado_stitch_proj.srcs/sources_1/bd/finn_design/finn_design.bd>
